TN:
SF:/home/fyulita/Desktop/tpi/algo1-TPI/auxiliares-tests/ej1TEST.cpp
FN:4,_ZN26vaciaTest_ImagenVacia_TestD2Ev
FN:4,_ZN26vaciaTest_ImagenVacia_Test8TestBodyEv
FN:4,_ZN26vaciaTest_ImagenVacia_TestD0Ev
FN:4,_ZN26vaciaTest_ImagenVacia_TestC2Ev
FN:9,_ZN28vaciaTest_ImagenNoVacia_TestD0Ev
FN:9,_ZN28vaciaTest_ImagenNoVacia_TestC2Ev
FN:9,_ZN28vaciaTest_ImagenNoVacia_Test8TestBodyEv
FN:9,_ZN28vaciaTest_ImagenNoVacia_TestD2Ev
FN:14,_ZN32esMatrizTest_ImagenCuadrada_Test8TestBodyEv
FN:14,_ZN32esMatrizTest_ImagenCuadrada_TestD2Ev
FN:14,_ZN32esMatrizTest_ImagenCuadrada_TestD0Ev
FN:14,_ZN32esMatrizTest_ImagenCuadrada_TestC2Ev
FN:21,_ZN32esMatrizTest_ImagenVertical_TestC2Ev
FN:21,_ZN32esMatrizTest_ImagenVertical_Test8TestBodyEv
FN:21,_ZN32esMatrizTest_ImagenVertical_TestD0Ev
FN:21,_ZN32esMatrizTest_ImagenVertical_TestD2Ev
FN:28,_ZN34esMatrizTest_ImagenHorizontal_Test8TestBodyEv
FN:28,_ZN34esMatrizTest_ImagenHorizontal_TestC2Ev
FN:28,_ZN34esMatrizTest_ImagenHorizontal_TestD2Ev
FN:28,_ZN34esMatrizTest_ImagenHorizontal_TestD0Ev
FN:33,_ZN26esMatrizTest_Escalera_TestC2Ev
FN:33,_ZN26esMatrizTest_Escalera_TestD2Ev
FN:33,_ZN26esMatrizTest_Escalera_Test8TestBodyEv
FN:33,_ZN26esMatrizTest_Escalera_TestD0Ev
FN:40,_ZN22esMatrizTest_Cero_TestD2Ev
FN:40,_ZN22esMatrizTest_Cero_TestC2Ev
FN:40,_ZN22esMatrizTest_Cero_Test8TestBodyEv
FN:40,_ZN22esMatrizTest_Cero_TestD0Ev
FN:45,_ZN23esBinariaTest_Cero_TestD2Ev
FN:45,_ZN23esBinariaTest_Cero_TestD0Ev
FN:45,_ZN23esBinariaTest_Cero_TestC2Ev
FN:45,_ZN23esBinariaTest_Cero_Test8TestBodyEv
FN:50,_ZN26esBinariaTest_UnoCero_TestC2Ev
FN:50,_ZN26esBinariaTest_UnoCero_Test8TestBodyEv
FN:50,_ZN26esBinariaTest_UnoCero_TestD0Ev
FN:50,_ZN26esBinariaTest_UnoCero_TestD2Ev
FN:56,_ZN22esBinariaTest_Dos_TestD0Ev
FN:56,_ZN22esBinariaTest_Dos_TestD2Ev
FN:56,_ZN22esBinariaTest_Dos_TestC2Ev
FN:56,_ZN22esBinariaTest_Dos_Test8TestBodyEv
FN:59,_Z41__static_initialization_and_destruction_0ii
FN:59,_GLOBAL__sub_I__ZN26vaciaTest_ImagenVacia_Test10test_info_E
FNDA:2,_ZN26vaciaTest_ImagenVacia_TestD0Ev
FNDA:2,_ZN26vaciaTest_ImagenVacia_TestD2Ev
FNDA:2,_ZN26vaciaTest_ImagenVacia_Test8TestBodyEv
FNDA:2,_ZN26vaciaTest_ImagenVacia_TestC2Ev
FNDA:2,_ZN28vaciaTest_ImagenNoVacia_TestD0Ev
FNDA:2,_ZN28vaciaTest_ImagenNoVacia_TestD2Ev
FNDA:2,_ZN28vaciaTest_ImagenNoVacia_Test8TestBodyEv
FNDA:2,_ZN28vaciaTest_ImagenNoVacia_TestC2Ev
FNDA:2,_ZN32esMatrizTest_ImagenCuadrada_TestD0Ev
FNDA:2,_ZN32esMatrizTest_ImagenCuadrada_TestD2Ev
FNDA:2,_ZN32esMatrizTest_ImagenCuadrada_Test8TestBodyEv
FNDA:2,_ZN32esMatrizTest_ImagenCuadrada_TestC2Ev
FNDA:2,_ZN32esMatrizTest_ImagenVertical_TestD0Ev
FNDA:2,_ZN32esMatrizTest_ImagenVertical_TestD2Ev
FNDA:2,_ZN32esMatrizTest_ImagenVertical_Test8TestBodyEv
FNDA:2,_ZN32esMatrizTest_ImagenVertical_TestC2Ev
FNDA:2,_ZN34esMatrizTest_ImagenHorizontal_TestD0Ev
FNDA:2,_ZN34esMatrizTest_ImagenHorizontal_TestD2Ev
FNDA:2,_ZN34esMatrizTest_ImagenHorizontal_Test8TestBodyEv
FNDA:2,_ZN34esMatrizTest_ImagenHorizontal_TestC2Ev
FNDA:2,_ZN26esMatrizTest_Escalera_TestD0Ev
FNDA:2,_ZN26esMatrizTest_Escalera_TestD2Ev
FNDA:2,_ZN26esMatrizTest_Escalera_Test8TestBodyEv
FNDA:2,_ZN26esMatrizTest_Escalera_TestC2Ev
FNDA:2,_ZN22esMatrizTest_Cero_TestD0Ev
FNDA:2,_ZN22esMatrizTest_Cero_TestD2Ev
FNDA:2,_ZN22esMatrizTest_Cero_Test8TestBodyEv
FNDA:2,_ZN22esMatrizTest_Cero_TestC2Ev
FNDA:2,_ZN23esBinariaTest_Cero_TestD0Ev
FNDA:2,_ZN23esBinariaTest_Cero_TestD2Ev
FNDA:2,_ZN23esBinariaTest_Cero_Test8TestBodyEv
FNDA:2,_ZN23esBinariaTest_Cero_TestC2Ev
FNDA:2,_ZN26esBinariaTest_UnoCero_TestD0Ev
FNDA:2,_ZN26esBinariaTest_UnoCero_TestD2Ev
FNDA:2,_ZN26esBinariaTest_UnoCero_Test8TestBodyEv
FNDA:2,_ZN26esBinariaTest_UnoCero_TestC2Ev
FNDA:2,_ZN22esBinariaTest_Dos_TestD0Ev
FNDA:2,_ZN22esBinariaTest_Dos_TestD2Ev
FNDA:2,_ZN22esBinariaTest_Dos_Test8TestBodyEv
FNDA:2,_ZN22esBinariaTest_Dos_TestC2Ev
FNDA:5,_GLOBAL__sub_I__ZN26vaciaTest_ImagenVacia_Test10test_info_E
FNDA:5,_Z41__static_initialization_and_destruction_0ii
FNF:42
FNH:42
DA:4,13
DA:5,4
DA:6,2
DA:7,2
DA:9,13
DA:10,4
DA:11,2
DA:12,2
DA:14,13
DA:17,4
DA:18,2
DA:19,2
DA:21,13
DA:24,4
DA:25,2
DA:26,2
DA:28,13
DA:29,4
DA:30,2
DA:31,2
DA:33,13
DA:36,4
DA:37,2
DA:38,2
DA:40,13
DA:41,4
DA:42,2
DA:43,2
DA:45,13
DA:46,4
DA:47,2
DA:48,2
DA:50,13
DA:52,4
DA:53,2
DA:54,2
DA:56,13
DA:57,4
DA:58,2
DA:59,17
LF:40
LH:40
end_of_record
SF:/home/fyulita/Desktop/tpi/algo1-TPI/lib/googletest-master/googletest/include/gtest/gtest-message.h
FN:91,_ZN7testing7MessageD2Ev
FNDA:0,_ZN7testing7MessageD2Ev
FNF:1
FNH:0
DA:91,0
LF:1
LH:0
end_of_record
SF:/home/fyulita/Desktop/tpi/algo1-TPI/lib/googletest-master/googletest/include/gtest/gtest.h
FN:275,_ZN7testing15AssertionResultD2Ev
FN:293,_ZN7testing15AssertionResultC2IbEERKT_PNSt9enable_ifIXntsrSt14is_convertibleIS2_S0_E5valueEvE4typeE
FN:312,_ZNK7testing15AssertionResultcvbEv
FN:417,_ZN7testing4Test14SetUpTestSuiteEv
FN:427,_ZN7testing4Test17TearDownTestSuiteEv
FN:431,_ZN7testing4Test16TearDownTestCaseEv
FN:432,_ZN7testing4Test13SetUpTestCaseEv
FN:513,_ZN7testing4Test5SetupEv
FNDA:0,_ZN7testing15AssertionResultD2Ev
FNDA:0,_ZN7testing15AssertionResultC2IbEERKT_PNSt9enable_ifIXntsrSt14is_convertibleIS2_S0_E5valueEvE4typeE
FNDA:0,_ZNK7testing15AssertionResultcvbEv
FNDA:0,_ZN7testing4Test14SetUpTestSuiteEv
FNDA:0,_ZN7testing4Test17TearDownTestSuiteEv
FNDA:0,_ZN7testing4Test16TearDownTestCaseEv
FNDA:0,_ZN7testing4Test13SetUpTestCaseEv
FNDA:0,_ZN7testing4Test5SetupEv
FNF:8
FNH:0
DA:275,0
DA:293,0
DA:299,0
DA:312,0
DA:417,0
DA:427,0
DA:431,0
DA:432,0
DA:513,0
LF:9
LH:0
end_of_record
SF:/home/fyulita/Desktop/tpi/algo1-TPI/lib/googletest-master/googletest/include/gtest/internal/gtest-internal.h
FN:442,_ZN7testing8internal15TestFactoryBaseD2Ev
FN:442,_ZN7testing8internal15TestFactoryBaseD0Ev
FN:449,_ZN7testing8internal15TestFactoryBaseC2Ev
FN:458,_ZN7testing8internal15TestFactoryImplI26vaciaTest_ImagenVacia_TestEC2Ev
FN:458,_ZN7testing8internal15TestFactoryImplI32esMatrizTest_ImagenVertical_TestEC2Ev
FN:458,_ZN7testing8internal15TestFactoryImplI28vaciaTest_ImagenNoVacia_TestED2Ev
FN:458,_ZN7testing8internal15TestFactoryImplI23esBinariaTest_Cero_TestED0Ev
FN:458,_ZN7testing8internal15TestFactoryImplI22esBinariaTest_Dos_TestEC2Ev
FN:458,_ZN7testing8internal15TestFactoryImplI28vaciaTest_ImagenNoVacia_TestED0Ev
FN:458,_ZN7testing8internal15TestFactoryImplI26esBinariaTest_UnoCero_TestEC2Ev
FN:458,_ZN7testing8internal15TestFactoryImplI26vaciaTest_ImagenVacia_TestED2Ev
FN:458,_ZN7testing8internal15TestFactoryImplI32esMatrizTest_ImagenVertical_TestED2Ev
FN:458,_ZN7testing8internal15TestFactoryImplI22esMatrizTest_Cero_TestEC2Ev
FN:458,_ZN7testing8internal15TestFactoryImplI32esMatrizTest_ImagenCuadrada_TestED0Ev
FN:458,_ZN7testing8internal15TestFactoryImplI26esMatrizTest_Escalera_TestEC2Ev
FN:458,_ZN7testing8internal15TestFactoryImplI26esMatrizTest_Escalera_TestED2Ev
FN:458,_ZN7testing8internal15TestFactoryImplI32esMatrizTest_ImagenCuadrada_TestED2Ev
FN:458,_ZN7testing8internal15TestFactoryImplI22esBinariaTest_Dos_TestED2Ev
FN:458,_ZN7testing8internal15TestFactoryImplI26esBinariaTest_UnoCero_TestED0Ev
FN:458,_ZN7testing8internal15TestFactoryImplI32esMatrizTest_ImagenVertical_TestED0Ev
FN:458,_ZN7testing8internal15TestFactoryImplI34esMatrizTest_ImagenHorizontal_TestEC2Ev
FN:458,_ZN7testing8internal15TestFactoryImplI26esMatrizTest_Escalera_TestED0Ev
FN:458,_ZN7testing8internal15TestFactoryImplI23esBinariaTest_Cero_TestEC2Ev
FN:458,_ZN7testing8internal15TestFactoryImplI32esMatrizTest_ImagenCuadrada_TestEC2Ev
FN:458,_ZN7testing8internal15TestFactoryImplI22esMatrizTest_Cero_TestED2Ev
FN:458,_ZN7testing8internal15TestFactoryImplI34esMatrizTest_ImagenHorizontal_TestED2Ev
FN:458,_ZN7testing8internal15TestFactoryImplI34esMatrizTest_ImagenHorizontal_TestED0Ev
FN:458,_ZN7testing8internal15TestFactoryImplI23esBinariaTest_Cero_TestED2Ev
FN:458,_ZN7testing8internal15TestFactoryImplI26esBinariaTest_UnoCero_TestED2Ev
FN:458,_ZN7testing8internal15TestFactoryImplI26vaciaTest_ImagenVacia_TestED0Ev
FN:458,_ZN7testing8internal15TestFactoryImplI22esMatrizTest_Cero_TestED0Ev
FN:458,_ZN7testing8internal15TestFactoryImplI28vaciaTest_ImagenNoVacia_TestEC2Ev
FN:458,_ZN7testing8internal15TestFactoryImplI22esBinariaTest_Dos_TestED0Ev
FN:460,_ZN7testing8internal15TestFactoryImplI26esMatrizTest_Escalera_TestE10CreateTestEv
FN:460,_ZN7testing8internal15TestFactoryImplI26esBinariaTest_UnoCero_TestE10CreateTestEv
FN:460,_ZN7testing8internal15TestFactoryImplI22esMatrizTest_Cero_TestE10CreateTestEv
FN:460,_ZN7testing8internal15TestFactoryImplI22esBinariaTest_Dos_TestE10CreateTestEv
FN:460,_ZN7testing8internal15TestFactoryImplI26vaciaTest_ImagenVacia_TestE10CreateTestEv
FN:460,_ZN7testing8internal15TestFactoryImplI28vaciaTest_ImagenNoVacia_TestE10CreateTestEv
FN:460,_ZN7testing8internal15TestFactoryImplI34esMatrizTest_ImagenHorizontal_TestE10CreateTestEv
FN:460,_ZN7testing8internal15TestFactoryImplI32esMatrizTest_ImagenVertical_TestE10CreateTestEv
FN:460,_ZN7testing8internal15TestFactoryImplI23esBinariaTest_Cero_TestE10CreateTestEv
FN:460,_ZN7testing8internal15TestFactoryImplI32esMatrizTest_ImagenCuadrada_TestE10CreateTestEv
FN:480,_ZN7testing8internal12CodeLocationD2Ev
FN:481,_ZN7testing8internal12CodeLocationC2ERKNSt7__cxx1112basic_stringIcSt11char_traitsIcESaIcEEEi
FN:494,_ZN7testing8internal19GetNotDefaultOrNullEPFvvES2_
FN:509,_ZN7testing8internal16SuiteApiResolverINS_4TestEE19GetSetUpCaseOrSuiteEPKci
FN:524,_ZN7testing8internal16SuiteApiResolverINS_4TestEE22GetTearDownCaseOrSuiteEPKci
FNDA:0,_ZN7testing8internal15TestFactoryBaseD0Ev
FNDA:0,_ZN7testing8internal15TestFactoryBaseD2Ev
FNDA:0,_ZN7testing8internal15TestFactoryBaseC2Ev
FNDA:5,_ZN7testing8internal15TestFactoryImplI26vaciaTest_ImagenVacia_TestED0Ev
FNDA:5,_ZN7testing8internal15TestFactoryImplI26vaciaTest_ImagenVacia_TestED2Ev
FNDA:5,_ZN7testing8internal15TestFactoryImplI28vaciaTest_ImagenNoVacia_TestED0Ev
FNDA:5,_ZN7testing8internal15TestFactoryImplI28vaciaTest_ImagenNoVacia_TestED2Ev
FNDA:5,_ZN7testing8internal15TestFactoryImplI32esMatrizTest_ImagenCuadrada_TestED0Ev
FNDA:5,_ZN7testing8internal15TestFactoryImplI32esMatrizTest_ImagenCuadrada_TestED2Ev
FNDA:5,_ZN7testing8internal15TestFactoryImplI32esMatrizTest_ImagenVertical_TestED0Ev
FNDA:5,_ZN7testing8internal15TestFactoryImplI32esMatrizTest_ImagenVertical_TestED2Ev
FNDA:5,_ZN7testing8internal15TestFactoryImplI34esMatrizTest_ImagenHorizontal_TestED0Ev
FNDA:5,_ZN7testing8internal15TestFactoryImplI34esMatrizTest_ImagenHorizontal_TestED2Ev
FNDA:5,_ZN7testing8internal15TestFactoryImplI26esMatrizTest_Escalera_TestED0Ev
FNDA:5,_ZN7testing8internal15TestFactoryImplI26esMatrizTest_Escalera_TestED2Ev
FNDA:5,_ZN7testing8internal15TestFactoryImplI22esMatrizTest_Cero_TestED0Ev
FNDA:5,_ZN7testing8internal15TestFactoryImplI22esMatrizTest_Cero_TestED2Ev
FNDA:5,_ZN7testing8internal15TestFactoryImplI23esBinariaTest_Cero_TestED0Ev
FNDA:5,_ZN7testing8internal15TestFactoryImplI23esBinariaTest_Cero_TestED2Ev
FNDA:5,_ZN7testing8internal15TestFactoryImplI26esBinariaTest_UnoCero_TestED0Ev
FNDA:5,_ZN7testing8internal15TestFactoryImplI26esBinariaTest_UnoCero_TestED2Ev
FNDA:5,_ZN7testing8internal15TestFactoryImplI22esBinariaTest_Dos_TestED0Ev
FNDA:5,_ZN7testing8internal15TestFactoryImplI22esBinariaTest_Dos_TestED2Ev
FNDA:5,_ZN7testing8internal15TestFactoryImplI22esBinariaTest_Dos_TestEC2Ev
FNDA:5,_ZN7testing8internal15TestFactoryImplI26esBinariaTest_UnoCero_TestEC2Ev
FNDA:5,_ZN7testing8internal15TestFactoryImplI23esBinariaTest_Cero_TestEC2Ev
FNDA:5,_ZN7testing8internal15TestFactoryImplI22esMatrizTest_Cero_TestEC2Ev
FNDA:5,_ZN7testing8internal15TestFactoryImplI26esMatrizTest_Escalera_TestEC2Ev
FNDA:5,_ZN7testing8internal15TestFactoryImplI34esMatrizTest_ImagenHorizontal_TestEC2Ev
FNDA:5,_ZN7testing8internal15TestFactoryImplI32esMatrizTest_ImagenVertical_TestEC2Ev
FNDA:5,_ZN7testing8internal15TestFactoryImplI32esMatrizTest_ImagenCuadrada_TestEC2Ev
FNDA:5,_ZN7testing8internal15TestFactoryImplI28vaciaTest_ImagenNoVacia_TestEC2Ev
FNDA:5,_ZN7testing8internal15TestFactoryImplI26vaciaTest_ImagenVacia_TestEC2Ev
FNDA:2,_ZN7testing8internal15TestFactoryImplI26vaciaTest_ImagenVacia_TestE10CreateTestEv
FNDA:2,_ZN7testing8internal15TestFactoryImplI28vaciaTest_ImagenNoVacia_TestE10CreateTestEv
FNDA:2,_ZN7testing8internal15TestFactoryImplI32esMatrizTest_ImagenCuadrada_TestE10CreateTestEv
FNDA:2,_ZN7testing8internal15TestFactoryImplI32esMatrizTest_ImagenVertical_TestE10CreateTestEv
FNDA:2,_ZN7testing8internal15TestFactoryImplI34esMatrizTest_ImagenHorizontal_TestE10CreateTestEv
FNDA:2,_ZN7testing8internal15TestFactoryImplI26esMatrizTest_Escalera_TestE10CreateTestEv
FNDA:2,_ZN7testing8internal15TestFactoryImplI22esMatrizTest_Cero_TestE10CreateTestEv
FNDA:2,_ZN7testing8internal15TestFactoryImplI23esBinariaTest_Cero_TestE10CreateTestEv
FNDA:2,_ZN7testing8internal15TestFactoryImplI26esBinariaTest_UnoCero_TestE10CreateTestEv
FNDA:2,_ZN7testing8internal15TestFactoryImplI22esBinariaTest_Dos_TestE10CreateTestEv
FNDA:0,_ZN7testing8internal12CodeLocationD2Ev
FNDA:0,_ZN7testing8internal12CodeLocationC2ERKNSt7__cxx1112basic_stringIcSt11char_traitsIcESaIcEEEi
FNDA:0,_ZN7testing8internal19GetNotDefaultOrNullEPFvvES2_
FNDA:0,_ZN7testing8internal16SuiteApiResolverINS_4TestEE19GetSetUpCaseOrSuiteEPKci
FNDA:0,_ZN7testing8internal16SuiteApiResolverINS_4TestEE22GetTearDownCaseOrSuiteEPKci
FNF:48
FNH:40
DA:442,0
DA:449,0
DA:458,150
DA:460,20
DA:480,0
DA:481,0
DA:482,0
DA:494,0
DA:496,0
DA:509,0
DA:511,0
DA:513,0
DA:516,0
DA:519,0
DA:521,0
DA:524,0
DA:526,0
DA:528,0
DA:531,0
DA:534,0
DA:536,0
LF:21
LH:2
end_of_record
SF:/home/fyulita/Desktop/tpi/algo1-TPI/lib/googletest-master/googletest/include/gtest/internal/gtest-port.h
FN:942,_ZN7testing8internal8GTestLog9GetStreamEv
FNDA:0,_ZN7testing8internal8GTestLog9GetStreamEv
FNF:1
FNH:0
DA:942,0
LF:1
LH:0
end_of_record
SF:/usr/include/c++/7/bits/alloc_traits.h
FN:435,_ZNSt16allocator_traitsISaISt6vectorIiSaIiEEEE8allocateERS3_m
FN:435,_ZNSt16allocator_traitsISaIiEE8allocateERS0_m
FN:461,_ZNSt16allocator_traitsISaIiEE10deallocateERS0_Pim
FN:461,_ZNSt16allocator_traitsISaISt6vectorIiSaIiEEEE10deallocateERS3_PS2_m
FN:504,_ZNSt16allocator_traitsISaIiEE37select_on_container_copy_constructionERKS0_
FNDA:0,_ZNSt16allocator_traitsISaIiEE8allocateERS0_m
FNDA:0,_ZNSt16allocator_traitsISaISt6vectorIiSaIiEEEE8allocateERS3_m
FNDA:0,_ZNSt16allocator_traitsISaISt6vectorIiSaIiEEEE10deallocateERS3_PS2_m
FNDA:0,_ZNSt16allocator_traitsISaIiEE10deallocateERS0_Pim
FNDA:0,_ZNSt16allocator_traitsISaIiEE37select_on_container_copy_constructionERKS0_
FNF:5
FNH:0
DA:435,0
DA:436,0
DA:461,0
DA:462,0
DA:504,0
DA:505,0
LF:6
LH:0
end_of_record
SF:/usr/include/c++/7/bits/allocator.h
FN:131,_ZNSaISt6vectorIiSaIiEEEC2Ev
FN:131,_ZNSaIiEC2Ev
FN:133,_ZNSaISt6vectorIiSaIiEEEC2ERKS2_
FN:133,_ZNSaIiEC2ERKS_
FN:139,_ZNSaISt6vectorIiSaIiEEED2Ev
FN:139,_ZNSaIiED2Ev
FNDA:0,_ZNSaIiEC2Ev
FNDA:0,_ZNSaISt6vectorIiSaIiEEEC2Ev
FNDA:0,_ZNSaIiEC2ERKS_
FNDA:0,_ZNSaISt6vectorIiSaIiEEEC2ERKS2_
FNDA:0,_ZNSaIiED2Ev
FNDA:0,_ZNSaISt6vectorIiSaIiEEED2Ev
FNF:6
FNH:0
DA:131,0
DA:133,0
DA:134,0
DA:139,0
LF:4
LH:0
end_of_record
SF:/usr/include/c++/7/bits/cpp_type_traits.h
FN:408,_ZSt12__miter_baseIPKiET_S2_
FN:408,_ZSt12__miter_baseIN9__gnu_cxx17__normal_iteratorIPKiSt6vectorIiSaIiEEEEET_S8_
FNDA:0,_ZSt12__miter_baseIN9__gnu_cxx17__normal_iteratorIPKiSt6vectorIiSaIiEEEEET_S8_
FNDA:0,_ZSt12__miter_baseIPKiET_S2_
FNF:2
FNH:0
DA:408,0
DA:409,0
LF:2
LH:0
end_of_record
SF:/usr/include/c++/7/bits/move.h
FN:47,_ZSt11__addressofISt6vectorIiSaIiEEEPT_RS3_
FN:73,_ZSt7forwardIRKSt6vectorIiSaIiEEEOT_RNSt16remove_referenceIS5_E4typeE
FNDA:0,_ZSt11__addressofISt6vectorIiSaIiEEEPT_RS3_
FNDA:0,_ZSt7forwardIRKSt6vectorIiSaIiEEEOT_RNSt16remove_referenceIS5_E4typeE
FNF:2
FNH:0
DA:47,0
DA:48,0
DA:73,0
DA:74,0
LF:4
LH:0
end_of_record
SF:/usr/include/c++/7/bits/stl_algobase.h
FN:277,_ZSt12__niter_baseIPiET_S1_
FN:277,_ZSt12__niter_baseIPKiET_S2_
FN:357,_ZNSt11__copy_moveILb0ELb1ESt26random_access_iterator_tagE8__copy_mIiEEPT_PKS3_S6_S4_
FN:375,_ZSt13__copy_move_aILb0EPKiPiET1_T0_S4_S3_
FN:420,_ZSt14__copy_move_a2ILb0EN9__gnu_cxx17__normal_iteratorIPKiSt6vectorIiSaIiEEEEPiET1_T0_SA_S9_
FN:420,_ZSt14__copy_move_a2ILb0EPKiPiET1_T0_S4_S3_
FN:446,_ZSt4copyIPKiPiET0_T_S4_S3_
FN:446,_ZSt4copyIN9__gnu_cxx17__normal_iteratorIPKiSt6vectorIiSaIiEEEEPiET0_T_SA_S9_
FNDA:0,_ZSt12__niter_baseIPiET_S1_
FNDA:0,_ZSt12__niter_baseIPKiET_S2_
FNDA:0,_ZNSt11__copy_moveILb0ELb1ESt26random_access_iterator_tagE8__copy_mIiEEPT_PKS3_S6_S4_
FNDA:0,_ZSt13__copy_move_aILb0EPKiPiET1_T0_S4_S3_
FNDA:0,_ZSt14__copy_move_a2ILb0EN9__gnu_cxx17__normal_iteratorIPKiSt6vectorIiSaIiEEEEPiET1_T0_SA_S9_
FNDA:0,_ZSt14__copy_move_a2ILb0EPKiPiET1_T0_S4_S3_
FNDA:0,_ZSt4copyIN9__gnu_cxx17__normal_iteratorIPKiSt6vectorIiSaIiEEEEPiET0_T_SA_S9_
FNDA:0,_ZSt4copyIPKiPiET0_T_S4_S3_
FNF:8
FNH:0
DA:277,0
DA:278,0
DA:357,0
DA:366,0
DA:367,0
DA:368,0
DA:369,0
DA:375,0
DA:380,0
DA:386,0
DA:420,0
DA:422,0
DA:424,0
DA:446,0
DA:455,0
DA:456,0
LF:16
LH:0
end_of_record
SF:/usr/include/c++/7/bits/stl_construct.h
FN:74,_ZSt10_ConstructISt6vectorIiSaIiEEJRKS2_EEvPT_DpOT0_
FN:97,_ZSt8_DestroyISt6vectorIiSaIiEEEvPT_
FN:105,_ZNSt12_Destroy_auxILb0EE9__destroyIPSt6vectorIiSaIiEEEEvT_S6_
FN:117,_ZNSt12_Destroy_auxILb1EE9__destroyIPiEEvT_S3_
FN:127,_ZSt8_DestroyIPSt6vectorIiSaIiEEEvT_S4_
FN:127,_ZSt8_DestroyIPiEvT_S1_
FN:203,_ZSt8_DestroyIPSt6vectorIiSaIiEES2_EvT_S4_RSaIT0_E
FN:203,_ZSt8_DestroyIPiiEvT_S1_RSaIT0_E
FNDA:0,_ZSt10_ConstructISt6vectorIiSaIiEEJRKS2_EEvPT_DpOT0_
FNDA:0,_ZSt8_DestroyISt6vectorIiSaIiEEEvPT_
FNDA:0,_ZNSt12_Destroy_auxILb0EE9__destroyIPSt6vectorIiSaIiEEEEvT_S6_
FNDA:0,_ZNSt12_Destroy_auxILb1EE9__destroyIPiEEvT_S3_
FNDA:0,_ZSt8_DestroyIPSt6vectorIiSaIiEEEvT_S4_
FNDA:0,_ZSt8_DestroyIPiEvT_S1_
FNDA:0,_ZSt8_DestroyIPSt6vectorIiSaIiEES2_EvT_S4_RSaIT0_E
FNDA:0,_ZSt8_DestroyIPiiEvT_S1_RSaIT0_E
FNF:8
FNH:0
DA:74,0
DA:75,0
DA:97,0
DA:98,0
DA:105,0
DA:107,0
DA:108,0
DA:109,0
DA:117,0
DA:127,0
DA:137,0
DA:138,0
DA:203,0
DA:206,0
DA:207,0
LF:15
LH:0
end_of_record
SF:/usr/include/c++/7/bits/stl_iterator.h
FN:782,_ZN9__gnu_cxx17__normal_iteratorIPKiSt6vectorIiSaIiEEEC2ERKS2_
FN:847,_ZNK9__gnu_cxx17__normal_iteratorIPKiSt6vectorIiSaIiEEE4baseEv
FN:986,_ZSt12__niter_baseIPKiSt6vectorIiSaIiEEET_N9__gnu_cxx17__normal_iteratorIS5_T0_EE
FNDA:0,_ZN9__gnu_cxx17__normal_iteratorIPKiSt6vectorIiSaIiEEEC2ERKS2_
FNDA:0,_ZNK9__gnu_cxx17__normal_iteratorIPKiSt6vectorIiSaIiEEE4baseEv
FNDA:0,_ZSt12__niter_baseIPKiSt6vectorIiSaIiEEET_N9__gnu_cxx17__normal_iteratorIS5_T0_EE
FNF:3
FNH:0
DA:782,0
DA:783,0
DA:847,0
DA:848,0
DA:986,0
DA:987,0
LF:6
LH:0
end_of_record
SF:/usr/include/c++/7/bits/stl_iterator_base_funcs.h
FN:98,_ZSt10__distanceIPKSt6vectorIiSaIiEEENSt15iterator_traitsIT_E15difference_typeES6_S6_St26random_access_iterator_tag
FN:98,_ZSt10__distanceIPKiENSt15iterator_traitsIT_E15difference_typeES3_S3_St26random_access_iterator_tag
FN:138,_ZSt8distanceIPKSt6vectorIiSaIiEEENSt15iterator_traitsIT_E15difference_typeES6_S6_
FN:138,_ZSt8distanceIPKiENSt15iterator_traitsIT_E15difference_typeES3_S3_
FNDA:0,_ZSt10__distanceIPKiENSt15iterator_traitsIT_E15difference_typeES3_S3_St26random_access_iterator_tag
FNDA:0,_ZSt10__distanceIPKSt6vectorIiSaIiEEENSt15iterator_traitsIT_E15difference_typeES6_S6_St26random_access_iterator_tag
FNDA:0,_ZSt8distanceIPKiENSt15iterator_traitsIT_E15difference_typeES3_S3_
FNDA:0,_ZSt8distanceIPKSt6vectorIiSaIiEEENSt15iterator_traitsIT_E15difference_typeES6_S6_
FNF:4
FNH:0
DA:98,0
DA:104,0
DA:138,0
DA:141,0
DA:142,0
LF:5
LH:0
end_of_record
SF:/usr/include/c++/7/bits/stl_iterator_base_types.h
FN:205,_ZSt19__iterator_categoryIPKSt6vectorIiSaIiEEENSt15iterator_traitsIT_E17iterator_categoryERKS6_
FN:205,_ZSt19__iterator_categoryIPKiENSt15iterator_traitsIT_E17iterator_categoryERKS3_
FNDA:0,_ZSt19__iterator_categoryIPKiENSt15iterator_traitsIT_E17iterator_categoryERKS3_
FNDA:0,_ZSt19__iterator_categoryIPKSt6vectorIiSaIiEEENSt15iterator_traitsIT_E17iterator_categoryERKS6_
FNF:2
FNH:0
DA:205,0
DA:206,0
LF:2
LH:0
end_of_record
SF:/usr/include/c++/7/bits/stl_uninitialized.h
FN:76,_ZNSt20__uninitialized_copyILb0EE13__uninit_copyIPKSt6vectorIiSaIiEEPS4_EET0_T_S9_S8_
FN:99,_ZNSt20__uninitialized_copyILb1EE13__uninit_copyIN9__gnu_cxx17__normal_iteratorIPKiSt6vectorIiSaIiEEEEPiEET0_T_SC_SB_
FN:99,_ZNSt20__uninitialized_copyILb1EE13__uninit_copyIPKiPiEET0_T_S6_S5_
FN:115,_ZSt18uninitialized_copyIN9__gnu_cxx17__normal_iteratorIPKiSt6vectorIiSaIiEEEEPiET0_T_SA_S9_
FN:115,_ZSt18uninitialized_copyIPKiPiET0_T_S4_S3_
FN:115,_ZSt18uninitialized_copyIPKSt6vectorIiSaIiEEPS2_ET0_T_S7_S6_
FN:287,_ZSt22__uninitialized_copy_aIN9__gnu_cxx17__normal_iteratorIPKiSt6vectorIiSaIiEEEEPiiET0_T_SA_S9_RSaIT1_E
FN:287,_ZSt22__uninitialized_copy_aIPKSt6vectorIiSaIiEEPS2_S2_ET0_T_S7_S6_RSaIT1_E
FN:287,_ZSt22__uninitialized_copy_aIPKiPiiET0_T_S4_S3_RSaIT1_E
FNDA:0,_ZNSt20__uninitialized_copyILb0EE13__uninit_copyIPKSt6vectorIiSaIiEEPS4_EET0_T_S9_S8_
FNDA:0,_ZNSt20__uninitialized_copyILb1EE13__uninit_copyIN9__gnu_cxx17__normal_iteratorIPKiSt6vectorIiSaIiEEEEPiEET0_T_SC_SB_
FNDA:0,_ZNSt20__uninitialized_copyILb1EE13__uninit_copyIPKiPiEET0_T_S6_S5_
FNDA:0,_ZSt18uninitialized_copyIN9__gnu_cxx17__normal_iteratorIPKiSt6vectorIiSaIiEEEEPiET0_T_SA_S9_
FNDA:0,_ZSt18uninitialized_copyIPKiPiET0_T_S4_S3_
FNDA:0,_ZSt18uninitialized_copyIPKSt6vectorIiSaIiEEPS2_ET0_T_S7_S6_
FNDA:0,_ZSt22__uninitialized_copy_aIN9__gnu_cxx17__normal_iteratorIPKiSt6vectorIiSaIiEEEEPiiET0_T_SA_S9_RSaIT1_E
FNDA:0,_ZSt22__uninitialized_copy_aIPKiPiiET0_T_S4_S3_RSaIT1_E
FNDA:0,_ZSt22__uninitialized_copy_aIPKSt6vectorIiSaIiEEPS2_S2_ET0_T_S7_S6_RSaIT1_E
FNF:9
FNH:0
DA:76,0
DA:79,0
DA:82,0
DA:83,0
DA:84,0
DA:86,0
DA:88,0
DA:89,0
DA:99,0
DA:101,0
DA:115,0
DA:128,0
DA:134,0
DA:287,0
DA:289,0
LF:15
LH:0
end_of_record
SF:/usr/include/c++/7/bits/stl_vector.h
FN:81,_ZNSt12_Vector_baseIiSaIiEE12_Vector_implD2Ev
FN:81,_ZNSt12_Vector_baseISt6vectorIiSaIiEESaIS2_EE12_Vector_implD2Ev
FN:88,_ZNSt12_Vector_baseIiSaIiEE12_Vector_implC2Ev
FN:92,_ZNSt12_Vector_baseISt6vectorIiSaIiEESaIS2_EE12_Vector_implC2ERKS3_
FN:92,_ZNSt12_Vector_baseIiSaIiEE12_Vector_implC2ERKS0_
FN:115,_ZNSt12_Vector_baseIiSaIiEE19_M_get_Tp_allocatorEv
FN:115,_ZNSt12_Vector_baseISt6vectorIiSaIiEESaIS2_EE19_M_get_Tp_allocatorEv
FN:119,_ZNKSt12_Vector_baseIiSaIiEE19_M_get_Tp_allocatorEv
FN:126,_ZNSt12_Vector_baseIiSaIiEEC2Ev
FN:129,_ZNSt12_Vector_baseIiSaIiEEC2ERKS0_
FN:129,_ZNSt12_Vector_baseISt6vectorIiSaIiEESaIS2_EEC2ERKS3_
FN:136,_ZNSt12_Vector_baseIiSaIiEEC2EmRKS0_
FN:161,_ZNSt12_Vector_baseISt6vectorIiSaIiEESaIS2_EED2Ev
FN:161,_ZNSt12_Vector_baseIiSaIiEED2Ev
FN:169,_ZNSt12_Vector_baseISt6vectorIiSaIiEESaIS2_EE11_M_allocateEm
FN:169,_ZNSt12_Vector_baseIiSaIiEE11_M_allocateEm
FN:176,_ZNSt12_Vector_baseISt6vectorIiSaIiEESaIS2_EE13_M_deallocateEPS2_m
FN:176,_ZNSt12_Vector_baseIiSaIiEE13_M_deallocateEPim
FN:185,_ZNSt12_Vector_baseIiSaIiEE17_M_create_storageEm
FN:259,_ZNSt6vectorIiSaIiEEC2Ev
FN:326,_ZNSt6vectorIiSaIiEEC2ERKS1_
FN:383,_ZNSt6vectorIiSaIiEEC2ESt16initializer_listIiERKS0_
FN:383,_ZNSt6vectorIS_IiSaIiEESaIS1_EEC2ESt16initializer_listIS1_ERKS2_
FN:433,_ZNSt6vectorIiSaIiEED2Ev
FN:433,_ZNSt6vectorIS_IiSaIiEESaIS1_EED2Ev
FN:572,_ZNKSt6vectorIiSaIiEE5beginEv
FN:590,_ZNKSt6vectorIiSaIiEE3endEv
FN:670,_ZNKSt6vectorIiSaIiEE4sizeEv
FN:1324,_ZNSt6vectorIiSaIiEE19_M_range_initializeIPKiEEvT_S5_St20forward_iterator_tag
FN:1324,_ZNSt6vectorIS_IiSaIiEESaIS1_EE19_M_range_initializeIPKS1_EEvT_S7_St20forward_iterator_tag
FNDA:0,_ZNSt12_Vector_baseISt6vectorIiSaIiEESaIS2_EE12_Vector_implD2Ev
FNDA:0,_ZNSt12_Vector_baseIiSaIiEE12_Vector_implD2Ev
FNDA:0,_ZNSt12_Vector_baseIiSaIiEE12_Vector_implC2Ev
FNDA:0,_ZNSt12_Vector_baseIiSaIiEE12_Vector_implC2ERKS0_
FNDA:0,_ZNSt12_Vector_baseISt6vectorIiSaIiEESaIS2_EE12_Vector_implC2ERKS3_
FNDA:0,_ZNSt12_Vector_baseISt6vectorIiSaIiEESaIS2_EE19_M_get_Tp_allocatorEv
FNDA:0,_ZNSt12_Vector_baseIiSaIiEE19_M_get_Tp_allocatorEv
FNDA:0,_ZNKSt12_Vector_baseIiSaIiEE19_M_get_Tp_allocatorEv
FNDA:0,_ZNSt12_Vector_baseIiSaIiEEC2Ev
FNDA:0,_ZNSt12_Vector_baseIiSaIiEEC2ERKS0_
FNDA:0,_ZNSt12_Vector_baseISt6vectorIiSaIiEESaIS2_EEC2ERKS3_
FNDA:0,_ZNSt12_Vector_baseIiSaIiEEC2EmRKS0_
FNDA:0,_ZNSt12_Vector_baseISt6vectorIiSaIiEESaIS2_EED2Ev
FNDA:0,_ZNSt12_Vector_baseIiSaIiEED2Ev
FNDA:0,_ZNSt12_Vector_baseIiSaIiEE11_M_allocateEm
FNDA:0,_ZNSt12_Vector_baseISt6vectorIiSaIiEESaIS2_EE11_M_allocateEm
FNDA:0,_ZNSt12_Vector_baseISt6vectorIiSaIiEESaIS2_EE13_M_deallocateEPS2_m
FNDA:0,_ZNSt12_Vector_baseIiSaIiEE13_M_deallocateEPim
FNDA:0,_ZNSt12_Vector_baseIiSaIiEE17_M_create_storageEm
FNDA:0,_ZNSt6vectorIiSaIiEEC2Ev
FNDA:0,_ZNSt6vectorIiSaIiEEC2ERKS1_
FNDA:0,_ZNSt6vectorIiSaIiEEC2ESt16initializer_listIiERKS0_
FNDA:0,_ZNSt6vectorIS_IiSaIiEESaIS1_EEC2ESt16initializer_listIS1_ERKS2_
FNDA:0,_ZNSt6vectorIS_IiSaIiEESaIS1_EED2Ev
FNDA:0,_ZNSt6vectorIiSaIiEED2Ev
FNDA:0,_ZNKSt6vectorIiSaIiEE5beginEv
FNDA:0,_ZNKSt6vectorIiSaIiEE3endEv
FNDA:0,_ZNKSt6vectorIiSaIiEE4sizeEv
FNDA:0,_ZNSt6vectorIiSaIiEE19_M_range_initializeIPKiEEvT_S5_St20forward_iterator_tag
FNDA:0,_ZNSt6vectorIS_IiSaIiEESaIS1_EE19_M_range_initializeIPKS1_EEvT_S7_St20forward_iterator_tag
FNF:30
FNH:0
DA:81,0
DA:88,0
DA:89,0
DA:90,0
DA:92,0
DA:93,0
DA:94,0
DA:115,0
DA:116,0
DA:119,0
DA:120,0
DA:126,0
DA:127,0
DA:129,0
DA:130,0
DA:136,0
DA:137,0
DA:138,0
DA:161,0
DA:162,0
DA:163,0
DA:169,0
DA:172,0
DA:176,0
DA:179,0
DA:180,0
DA:181,0
DA:185,0
DA:187,0
DA:188,0
DA:189,0
DA:190,0
DA:259,0
DA:263,0
DA:326,0
DA:328,0
DA:330,0
DA:331,0
DA:333,0
DA:334,0
DA:383,0
DA:385,0
DA:387,0
DA:389,0
DA:433,0
DA:434,0
DA:435,0
DA:572,0
DA:573,0
DA:590,0
DA:591,0
DA:670,0
DA:671,0
DA:1324,0
DA:1327,0
DA:1328,0
DA:1329,0
DA:1330,0
DA:1331,0
DA:1333,0
DA:1334,0
LF:61
LH:0
end_of_record
SF:/usr/include/c++/7/bits/unique_ptr.h
FN:72,_ZNKSt14default_deleteINSt7__cxx1118basic_stringstreamIcSt11char_traitsIcESaIcEEEEclEPS5_
FN:72,_ZNKSt14default_deleteINSt7__cxx1112basic_stringIcSt11char_traitsIcESaIcEEEEclEPS5_
FN:139,_ZNSt15__uniq_ptr_implINSt7__cxx1112basic_stringIcSt11char_traitsIcESaIcEEESt14default_deleteIS5_EEC2Ev
FN:146,_ZNSt15__uniq_ptr_implINSt7__cxx1118basic_stringstreamIcSt11char_traitsIcESaIcEEESt14default_deleteIS5_EE6_M_ptrEv
FN:146,_ZNSt15__uniq_ptr_implINSt7__cxx1112basic_stringIcSt11char_traitsIcESaIcEEESt14default_deleteIS5_EE6_M_ptrEv
FN:148,_ZNSt15__uniq_ptr_implINSt7__cxx1112basic_stringIcSt11char_traitsIcESaIcEEESt14default_deleteIS5_EE10_M_deleterEv
FN:148,_ZNSt15__uniq_ptr_implINSt7__cxx1118basic_stringstreamIcSt11char_traitsIcESaIcEEESt14default_deleteIS5_EE10_M_deleterEv
FN:188,_ZNSt10unique_ptrINSt7__cxx1112basic_stringIcSt11char_traitsIcESaIcEEESt14default_deleteIS5_EEC2IS7_vEEv
FN:264,_ZNSt10unique_ptrINSt7__cxx1112basic_stringIcSt11char_traitsIcESaIcEEESt14default_deleteIS5_EED2Ev
FN:264,_ZNSt10unique_ptrINSt7__cxx1118basic_stringstreamIcSt11char_traitsIcESaIcEEESt14default_deleteIS5_EED2Ev
FN:341,_ZNSt10unique_ptrINSt7__cxx1118basic_stringstreamIcSt11char_traitsIcESaIcEEESt14default_deleteIS5_EE11get_deleterEv
FN:341,_ZNSt10unique_ptrINSt7__cxx1112basic_stringIcSt11char_traitsIcESaIcEEESt14default_deleteIS5_EE11get_deleterEv
FNDA:0,_ZNKSt14default_deleteINSt7__cxx1112basic_stringIcSt11char_traitsIcESaIcEEEEclEPS5_
FNDA:0,_ZNKSt14default_deleteINSt7__cxx1118basic_stringstreamIcSt11char_traitsIcESaIcEEEEclEPS5_
FNDA:0,_ZNSt15__uniq_ptr_implINSt7__cxx1112basic_stringIcSt11char_traitsIcESaIcEEESt14default_deleteIS5_EEC2Ev
FNDA:0,_ZNSt15__uniq_ptr_implINSt7__cxx1112basic_stringIcSt11char_traitsIcESaIcEEESt14default_deleteIS5_EE6_M_ptrEv
FNDA:0,_ZNSt15__uniq_ptr_implINSt7__cxx1118basic_stringstreamIcSt11char_traitsIcESaIcEEESt14default_deleteIS5_EE6_M_ptrEv
FNDA:0,_ZNSt15__uniq_ptr_implINSt7__cxx1112basic_stringIcSt11char_traitsIcESaIcEEESt14default_deleteIS5_EE10_M_deleterEv
FNDA:0,_ZNSt15__uniq_ptr_implINSt7__cxx1118basic_stringstreamIcSt11char_traitsIcESaIcEEESt14default_deleteIS5_EE10_M_deleterEv
FNDA:0,_ZNSt10unique_ptrINSt7__cxx1112basic_stringIcSt11char_traitsIcESaIcEEESt14default_deleteIS5_EEC2IS7_vEEv
FNDA:0,_ZNSt10unique_ptrINSt7__cxx1112basic_stringIcSt11char_traitsIcESaIcEEESt14default_deleteIS5_EED2Ev
FNDA:0,_ZNSt10unique_ptrINSt7__cxx1118basic_stringstreamIcSt11char_traitsIcESaIcEEESt14default_deleteIS5_EED2Ev
FNDA:0,_ZNSt10unique_ptrINSt7__cxx1112basic_stringIcSt11char_traitsIcESaIcEEESt14default_deleteIS5_EE11get_deleterEv
FNDA:0,_ZNSt10unique_ptrINSt7__cxx1118basic_stringstreamIcSt11char_traitsIcESaIcEEESt14default_deleteIS5_EE11get_deleterEv
FNF:12
FNH:0
DA:72,0
DA:78,0
DA:79,0
DA:139,0
DA:146,0
DA:148,0
DA:188,0
DA:189,0
DA:190,0
DA:264,0
DA:266,0
DA:267,0
DA:268,0
DA:269,0
DA:270,0
DA:341,0
DA:342,0
LF:17
LH:0
end_of_record
SF:/usr/include/c++/7/ext/alloc_traits.h
FN:94,_ZN9__gnu_cxx14__alloc_traitsISaIiEE17_S_select_on_copyERKS1_
FNDA:0,_ZN9__gnu_cxx14__alloc_traitsISaIiEE17_S_select_on_copyERKS1_
FNF:1
FNH:0
DA:94,0
DA:95,0
LF:2
LH:0
end_of_record
SF:/usr/include/c++/7/ext/new_allocator.h
FN:79,_ZN9__gnu_cxx13new_allocatorISt6vectorIiSaIiEEEC2Ev
FN:79,_ZN9__gnu_cxx13new_allocatorIiEC2Ev
FN:81,_ZN9__gnu_cxx13new_allocatorIiEC2ERKS1_
FN:81,_ZN9__gnu_cxx13new_allocatorISt6vectorIiSaIiEEEC2ERKS4_
FN:86,_ZN9__gnu_cxx13new_allocatorISt6vectorIiSaIiEEED2Ev
FN:86,_ZN9__gnu_cxx13new_allocatorIiED2Ev
FN:99,_ZN9__gnu_cxx13new_allocatorISt6vectorIiSaIiEEE8allocateEmPKv
FN:99,_ZN9__gnu_cxx13new_allocatorIiE8allocateEmPKv
FN:116,_ZN9__gnu_cxx13new_allocatorIiE10deallocateEPim
FN:116,_ZN9__gnu_cxx13new_allocatorISt6vectorIiSaIiEEE10deallocateEPS3_m
FN:129,_ZNK9__gnu_cxx13new_allocatorISt6vectorIiSaIiEEE8max_sizeEv
FN:129,_ZNK9__gnu_cxx13new_allocatorIiE8max_sizeEv
FNDA:0,_ZN9__gnu_cxx13new_allocatorIiEC2Ev
FNDA:0,_ZN9__gnu_cxx13new_allocatorISt6vectorIiSaIiEEEC2Ev
FNDA:0,_ZN9__gnu_cxx13new_allocatorIiEC2ERKS1_
FNDA:0,_ZN9__gnu_cxx13new_allocatorISt6vectorIiSaIiEEEC2ERKS4_
FNDA:0,_ZN9__gnu_cxx13new_allocatorIiED2Ev
FNDA:0,_ZN9__gnu_cxx13new_allocatorISt6vectorIiSaIiEEED2Ev
FNDA:0,_ZN9__gnu_cxx13new_allocatorIiE8allocateEmPKv
FNDA:0,_ZN9__gnu_cxx13new_allocatorISt6vectorIiSaIiEEE8allocateEmPKv
FNDA:0,_ZN9__gnu_cxx13new_allocatorISt6vectorIiSaIiEEE10deallocateEPS3_m
FNDA:0,_ZN9__gnu_cxx13new_allocatorIiE10deallocateEPim
FNDA:0,_ZNK9__gnu_cxx13new_allocatorIiE8max_sizeEv
FNDA:0,_ZNK9__gnu_cxx13new_allocatorISt6vectorIiSaIiEEE8max_sizeEv
FNF:12
FNH:0
DA:79,0
DA:81,0
DA:86,0
DA:99,0
DA:101,0
DA:102,0
DA:111,0
DA:116,0
DA:125,0
DA:126,0
DA:129,0
DA:130,0
LF:12
LH:0
end_of_record
SF:/usr/include/c++/7/initializer_list
FN:71,_ZNKSt16initializer_listIiE4sizeEv
FN:71,_ZNKSt16initializer_listISt6vectorIiSaIiEEE4sizeEv
FN:75,_ZNKSt16initializer_listIiE5beginEv
FN:75,_ZNKSt16initializer_listISt6vectorIiSaIiEEE5beginEv
FN:79,_ZNKSt16initializer_listIiE3endEv
FN:79,_ZNKSt16initializer_listISt6vectorIiSaIiEEE3endEv
FNDA:0,_ZNKSt16initializer_listIiE4sizeEv
FNDA:0,_ZNKSt16initializer_listISt6vectorIiSaIiEEE4sizeEv
FNDA:0,_ZNKSt16initializer_listIiE5beginEv
FNDA:0,_ZNKSt16initializer_listISt6vectorIiSaIiEEE5beginEv
FNDA:0,_ZNKSt16initializer_listIiE3endEv
FNDA:0,_ZNKSt16initializer_listISt6vectorIiSaIiEEE3endEv
FNF:6
FNH:0
DA:71,0
DA:75,0
DA:79,0
LF:3
LH:0
end_of_record
SF:/usr/include/c++/7/iostream
DA:74,5
LF:1
LH:1
end_of_record
SF:/usr/include/c++/7/new
FN:168,_ZnwmPv
FN:174,_ZdlPvS_
FNDA:0,_ZnwmPv
FNDA:0,_ZdlPvS_
FNF:2
FNH:0
DA:168,0
DA:169,0
DA:174,0
LF:3
LH:0
end_of_record
SF:/usr/include/c++/7/tuple
FN:76,_ZNSt10_Head_baseILm1ESt14default_deleteINSt7__cxx1112basic_stringIcSt11char_traitsIcESaIcEEEELb1EEC2Ev
FN:113,_ZNSt10_Head_baseILm1ESt14default_deleteINSt7__cxx1118basic_stringstreamIcSt11char_traitsIcESaIcEEEELb1EE7_M_headERS8_
FN:113,_ZNSt10_Head_baseILm1ESt14default_deleteINSt7__cxx1112basic_stringIcSt11char_traitsIcESaIcEEEELb1EE7_M_headERS8_
FN:122,_ZNSt10_Head_baseILm0EPNSt7__cxx1112basic_stringIcSt11char_traitsIcESaIcEEELb0EEC2Ev
FN:160,_ZNSt10_Head_baseILm0EPNSt7__cxx1112basic_stringIcSt11char_traitsIcESaIcEEELb0EE7_M_headERS7_
FN:160,_ZNSt10_Head_baseILm0EPNSt7__cxx1118basic_stringstreamIcSt11char_traitsIcESaIcEEELb0EE7_M_headERS7_
FN:195,_ZNSt11_Tuple_implILm0EJPNSt7__cxx1112basic_stringIcSt11char_traitsIcESaIcEEESt14default_deleteIS5_EEE7_M_headERS9_
FN:195,_ZNSt11_Tuple_implILm0EJPNSt7__cxx1118basic_stringstreamIcSt11char_traitsIcESaIcEEESt14default_deleteIS5_EEE7_M_headERS9_
FN:206,_ZNSt11_Tuple_implILm0EJPNSt7__cxx1112basic_stringIcSt11char_traitsIcESaIcEEESt14default_deleteIS5_EEEC2Ev
FN:351,_ZNSt11_Tuple_implILm1EJSt14default_deleteINSt7__cxx1118basic_stringstreamIcSt11char_traitsIcESaIcEEEEEE7_M_headERS8_
FN:351,_ZNSt11_Tuple_implILm1EJSt14default_deleteINSt7__cxx1112basic_stringIcSt11char_traitsIcESaIcEEEEEE7_M_headERS8_
FN:356,_ZNSt11_Tuple_implILm1EJSt14default_deleteINSt7__cxx1112basic_stringIcSt11char_traitsIcESaIcEEEEEEC2Ev
FN:919,_ZNSt5tupleIJPNSt7__cxx1112basic_stringIcSt11char_traitsIcESaIcEEESt14default_deleteIS5_EEEC2IS6_S8_Lb1EEEv
FN:1303,_ZSt12__get_helperILm0EPNSt7__cxx1112basic_stringIcSt11char_traitsIcESaIcEEEJSt14default_deleteIS5_EEERT0_RSt11_Tuple_implIXT_EJS9_DpT1_EE
FN:1303,_ZSt12__get_helperILm1ESt14default_deleteINSt7__cxx1112basic_stringIcSt11char_traitsIcESaIcEEEEJEERT0_RSt11_Tuple_implIXT_EJS8_DpT1_EE
FN:1303,_ZSt12__get_helperILm0EPNSt7__cxx1118basic_stringstreamIcSt11char_traitsIcESaIcEEEJSt14default_deleteIS5_EEERT0_RSt11_Tuple_implIXT_EJS9_DpT1_EE
FN:1303,_ZSt12__get_helperILm1ESt14default_deleteINSt7__cxx1118basic_stringstreamIcSt11char_traitsIcESaIcEEEEJEERT0_RSt11_Tuple_implIXT_EJS8_DpT1_EE
FN:1314,_ZSt3getILm1EJPNSt7__cxx1112basic_stringIcSt11char_traitsIcESaIcEEESt14default_deleteIS5_EEERNSt13tuple_elementIXT_ESt5tupleIJDpT0_EEE4typeERSD_
FN:1314,_ZSt3getILm0EJPNSt7__cxx1112basic_stringIcSt11char_traitsIcESaIcEEESt14default_deleteIS5_EEERNSt13tuple_elementIXT_ESt5tupleIJDpT0_EEE4typeERSD_
FN:1314,_ZSt3getILm1EJPNSt7__cxx1118basic_stringstreamIcSt11char_traitsIcESaIcEEESt14default_deleteIS5_EEERNSt13tuple_elementIXT_ESt5tupleIJDpT0_EEE4typeERSD_
FN:1314,_ZSt3getILm0EJPNSt7__cxx1118basic_stringstreamIcSt11char_traitsIcESaIcEEESt14default_deleteIS5_EEERNSt13tuple_elementIXT_ESt5tupleIJDpT0_EEE4typeERSD_
FNDA:0,_ZNSt10_Head_baseILm1ESt14default_deleteINSt7__cxx1112basic_stringIcSt11char_traitsIcESaIcEEEELb1EEC2Ev
FNDA:0,_ZNSt10_Head_baseILm1ESt14default_deleteINSt7__cxx1112basic_stringIcSt11char_traitsIcESaIcEEEELb1EE7_M_headERS8_
FNDA:0,_ZNSt10_Head_baseILm1ESt14default_deleteINSt7__cxx1118basic_stringstreamIcSt11char_traitsIcESaIcEEEELb1EE7_M_headERS8_
FNDA:0,_ZNSt10_Head_baseILm0EPNSt7__cxx1112basic_stringIcSt11char_traitsIcESaIcEEELb0EEC2Ev
FNDA:0,_ZNSt10_Head_baseILm0EPNSt7__cxx1112basic_stringIcSt11char_traitsIcESaIcEEELb0EE7_M_headERS7_
FNDA:0,_ZNSt10_Head_baseILm0EPNSt7__cxx1118basic_stringstreamIcSt11char_traitsIcESaIcEEELb0EE7_M_headERS7_
FNDA:0,_ZNSt11_Tuple_implILm0EJPNSt7__cxx1112basic_stringIcSt11char_traitsIcESaIcEEESt14default_deleteIS5_EEE7_M_headERS9_
FNDA:0,_ZNSt11_Tuple_implILm0EJPNSt7__cxx1118basic_stringstreamIcSt11char_traitsIcESaIcEEESt14default_deleteIS5_EEE7_M_headERS9_
FNDA:0,_ZNSt11_Tuple_implILm0EJPNSt7__cxx1112basic_stringIcSt11char_traitsIcESaIcEEESt14default_deleteIS5_EEEC2Ev
FNDA:0,_ZNSt11_Tuple_implILm1EJSt14default_deleteINSt7__cxx1112basic_stringIcSt11char_traitsIcESaIcEEEEEE7_M_headERS8_
FNDA:0,_ZNSt11_Tuple_implILm1EJSt14default_deleteINSt7__cxx1118basic_stringstreamIcSt11char_traitsIcESaIcEEEEEE7_M_headERS8_
FNDA:0,_ZNSt11_Tuple_implILm1EJSt14default_deleteINSt7__cxx1112basic_stringIcSt11char_traitsIcESaIcEEEEEEC2Ev
FNDA:0,_ZNSt5tupleIJPNSt7__cxx1112basic_stringIcSt11char_traitsIcESaIcEEESt14default_deleteIS5_EEEC2IS6_S8_Lb1EEEv
FNDA:0,_ZSt12__get_helperILm1ESt14default_deleteINSt7__cxx1112basic_stringIcSt11char_traitsIcESaIcEEEEJEERT0_RSt11_Tuple_implIXT_EJS8_DpT1_EE
FNDA:0,_ZSt12__get_helperILm1ESt14default_deleteINSt7__cxx1118basic_stringstreamIcSt11char_traitsIcESaIcEEEEJEERT0_RSt11_Tuple_implIXT_EJS8_DpT1_EE
FNDA:0,_ZSt12__get_helperILm0EPNSt7__cxx1112basic_stringIcSt11char_traitsIcESaIcEEEJSt14default_deleteIS5_EEERT0_RSt11_Tuple_implIXT_EJS9_DpT1_EE
FNDA:0,_ZSt12__get_helperILm0EPNSt7__cxx1118basic_stringstreamIcSt11char_traitsIcESaIcEEEJSt14default_deleteIS5_EEERT0_RSt11_Tuple_implIXT_EJS9_DpT1_EE
FNDA:0,_ZSt3getILm1EJPNSt7__cxx1112basic_stringIcSt11char_traitsIcESaIcEEESt14default_deleteIS5_EEERNSt13tuple_elementIXT_ESt5tupleIJDpT0_EEE4typeERSD_
FNDA:0,_ZSt3getILm1EJPNSt7__cxx1118basic_stringstreamIcSt11char_traitsIcESaIcEEESt14default_deleteIS5_EEERNSt13tuple_elementIXT_ESt5tupleIJDpT0_EEE4typeERSD_
FNDA:0,_ZSt3getILm0EJPNSt7__cxx1112basic_stringIcSt11char_traitsIcESaIcEEESt14default_deleteIS5_EEERNSt13tuple_elementIXT_ESt5tupleIJDpT0_EEE4typeERSD_
FNDA:0,_ZSt3getILm0EJPNSt7__cxx1118basic_stringstreamIcSt11char_traitsIcESaIcEEESt14default_deleteIS5_EEERNSt13tuple_elementIXT_ESt5tupleIJDpT0_EEE4typeERSD_
FNF:21
FNH:0
DA:76,0
DA:77,0
DA:113,0
DA:122,0
DA:123,0
DA:160,0
DA:195,0
DA:206,0
DA:207,0
DA:351,0
DA:356,0
DA:357,0
DA:919,0
DA:920,0
DA:1303,0
DA:1304,0
DA:1314,0
DA:1315,0
LF:18
LH:0
end_of_record
TN:
SF:/home/fyulita/Desktop/tpi/algo1-TPI/auxiliares-tests/ej5TEST.cpp
FN:4,_ZN43dilatacionTest_tapandooHuecosDeUnPixel_TestD2Ev
FN:4,_ZN43dilatacionTest_tapandooHuecosDeUnPixel_Test8TestBodyEv
FN:4,_ZN43dilatacionTest_tapandooHuecosDeUnPixel_TestD0Ev
FN:4,_ZN43dilatacionTest_tapandooHuecosDeUnPixel_TestC2Ev
FN:34,_ZN33dilatacionTest_cierreConCruz_TestD2Ev
FN:34,_ZN33dilatacionTest_cierreConCruz_TestC2Ev
FN:34,_ZN33dilatacionTest_cierreConCruz_Test8TestBodyEv
FN:34,_ZN33dilatacionTest_cierreConCruz_TestD0Ev
FN:64,_ZN39dilatacionTest_ejemploEnunciadoTPE_TestD0Ev
FN:64,_ZN39dilatacionTest_ejemploEnunciadoTPE_TestD2Ev
FN:64,_ZN39dilatacionTest_ejemploEnunciadoTPE_Test8TestBodyEv
FN:64,_ZN39dilatacionTest_ejemploEnunciadoTPE_TestC2Ev
FN:100,_ZN40erosionTest_tapandooHuecosDeUnPixel_TestC2Ev
FN:100,_ZN40erosionTest_tapandooHuecosDeUnPixel_TestD0Ev
FN:100,_ZN40erosionTest_tapandooHuecosDeUnPixel_Test8TestBodyEv
FN:100,_ZN40erosionTest_tapandooHuecosDeUnPixel_TestD2Ev
FN:130,_ZN30erosionTest_cierreConCruz_Test8TestBodyEv
FN:130,_ZN30erosionTest_cierreConCruz_TestD0Ev
FN:130,_ZN30erosionTest_cierreConCruz_TestC2Ev
FN:130,_ZN30erosionTest_cierreConCruz_TestD2Ev
FN:160,_ZN36erosionTest_ejemploEnunciadoTPE_TestD0Ev
FN:160,_ZN36erosionTest_ejemploEnunciadoTPE_Test8TestBodyEv
FN:160,_ZN36erosionTest_ejemploEnunciadoTPE_TestC2Ev
FN:160,_ZN36erosionTest_ejemploEnunciadoTPE_TestD2Ev
FN:190,_ZN33borrarImagenTest_imagenVacia_TestD0Ev
FN:190,_ZN33borrarImagenTest_imagenVacia_Test8TestBodyEv
FN:190,_ZN33borrarImagenTest_imagenVacia_TestC2Ev
FN:190,_ZN33borrarImagenTest_imagenVacia_TestD2Ev
FN:197,_ZN35borrarImagenTest_imagenBorrada_TestD2Ev
FN:197,_ZN35borrarImagenTest_imagenBorrada_TestD0Ev
FN:197,_ZN35borrarImagenTest_imagenBorrada_TestC2Ev
FN:197,_ZN35borrarImagenTest_imagenBorrada_Test8TestBodyEv
FN:208,_ZN41borrarImagenTest_ejemploEnunciadoTPE_TestD2Ev
FN:208,_ZN41borrarImagenTest_ejemploEnunciadoTPE_Test8TestBodyEv
FN:208,_ZN41borrarImagenTest_ejemploEnunciadoTPE_TestD0Ev
FN:208,_ZN41borrarImagenTest_ejemploEnunciadoTPE_TestC2Ev
FN:231,_ZN63pixelesActivadosDelElemEstrucCentradoTest_cuadradoCentrado_TestC2Ev
FN:231,_ZN63pixelesActivadosDelElemEstrucCentradoTest_cuadradoCentrado_TestD2Ev
FN:231,_ZN63pixelesActivadosDelElemEstrucCentradoTest_cuadradoCentrado_TestD0Ev
FN:231,_ZN63pixelesActivadosDelElemEstrucCentradoTest_cuadradoCentrado_Test8TestBodyEv
FN:248,_ZN64pixelesActivadosDelElemEstrucCentradoTest_cuadradoBordeando_TestD0Ev
FN:248,_ZN64pixelesActivadosDelElemEstrucCentradoTest_cuadradoBordeando_TestD2Ev
FN:248,_ZN64pixelesActivadosDelElemEstrucCentradoTest_cuadradoBordeando_TestC2Ev
FN:248,_ZN64pixelesActivadosDelElemEstrucCentradoTest_cuadradoBordeando_Test8TestBodyEv
FN:264,_ZN59pixelesActivadosDelElemEstrucCentradoTest_cruzCentrada_Test8TestBodyEv
FN:264,_ZN59pixelesActivadosDelElemEstrucCentradoTest_cruzCentrada_TestD2Ev
FN:264,_ZN59pixelesActivadosDelElemEstrucCentradoTest_cruzCentrada_TestD0Ev
FN:264,_ZN59pixelesActivadosDelElemEstrucCentradoTest_cruzCentrada_TestC2Ev
FN:281,_ZN60pixelesActivadosDelElemEstrucCentradoTest_equisCentrada_TestD0Ev
FN:281,_ZN60pixelesActivadosDelElemEstrucCentradoTest_equisCentrada_TestD2Ev
FN:281,_ZN60pixelesActivadosDelElemEstrucCentradoTest_equisCentrada_TestC2Ev
FN:281,_ZN60pixelesActivadosDelElemEstrucCentradoTest_equisCentrada_Test8TestBodyEv
FN:296,_GLOBAL__sub_I__ZN43dilatacionTest_tapandooHuecosDeUnPixel_Test10test_info_E
FN:296,_Z41__static_initialization_and_destruction_0ii
FNDA:2,_ZN43dilatacionTest_tapandooHuecosDeUnPixel_TestD0Ev
FNDA:2,_ZN43dilatacionTest_tapandooHuecosDeUnPixel_TestD2Ev
FNDA:2,_ZN43dilatacionTest_tapandooHuecosDeUnPixel_Test8TestBodyEv
FNDA:2,_ZN43dilatacionTest_tapandooHuecosDeUnPixel_TestC2Ev
FNDA:2,_ZN33dilatacionTest_cierreConCruz_TestD0Ev
FNDA:2,_ZN33dilatacionTest_cierreConCruz_TestD2Ev
FNDA:2,_ZN33dilatacionTest_cierreConCruz_Test8TestBodyEv
FNDA:2,_ZN33dilatacionTest_cierreConCruz_TestC2Ev
FNDA:2,_ZN39dilatacionTest_ejemploEnunciadoTPE_TestD0Ev
FNDA:2,_ZN39dilatacionTest_ejemploEnunciadoTPE_TestD2Ev
FNDA:2,_ZN39dilatacionTest_ejemploEnunciadoTPE_Test8TestBodyEv
FNDA:2,_ZN39dilatacionTest_ejemploEnunciadoTPE_TestC2Ev
FNDA:2,_ZN40erosionTest_tapandooHuecosDeUnPixel_TestD0Ev
FNDA:2,_ZN40erosionTest_tapandooHuecosDeUnPixel_TestD2Ev
FNDA:2,_ZN40erosionTest_tapandooHuecosDeUnPixel_Test8TestBodyEv
FNDA:2,_ZN40erosionTest_tapandooHuecosDeUnPixel_TestC2Ev
FNDA:2,_ZN30erosionTest_cierreConCruz_TestD0Ev
FNDA:2,_ZN30erosionTest_cierreConCruz_TestD2Ev
FNDA:2,_ZN30erosionTest_cierreConCruz_Test8TestBodyEv
FNDA:2,_ZN30erosionTest_cierreConCruz_TestC2Ev
FNDA:2,_ZN36erosionTest_ejemploEnunciadoTPE_TestD0Ev
FNDA:2,_ZN36erosionTest_ejemploEnunciadoTPE_TestD2Ev
FNDA:2,_ZN36erosionTest_ejemploEnunciadoTPE_Test8TestBodyEv
FNDA:2,_ZN36erosionTest_ejemploEnunciadoTPE_TestC2Ev
FNDA:2,_ZN33borrarImagenTest_imagenVacia_TestD0Ev
FNDA:2,_ZN33borrarImagenTest_imagenVacia_TestD2Ev
FNDA:2,_ZN33borrarImagenTest_imagenVacia_Test8TestBodyEv
FNDA:2,_ZN33borrarImagenTest_imagenVacia_TestC2Ev
FNDA:2,_ZN35borrarImagenTest_imagenBorrada_TestD0Ev
FNDA:2,_ZN35borrarImagenTest_imagenBorrada_TestD2Ev
FNDA:2,_ZN35borrarImagenTest_imagenBorrada_Test8TestBodyEv
FNDA:2,_ZN35borrarImagenTest_imagenBorrada_TestC2Ev
FNDA:2,_ZN41borrarImagenTest_ejemploEnunciadoTPE_TestD0Ev
FNDA:2,_ZN41borrarImagenTest_ejemploEnunciadoTPE_TestD2Ev
FNDA:2,_ZN41borrarImagenTest_ejemploEnunciadoTPE_Test8TestBodyEv
FNDA:2,_ZN41borrarImagenTest_ejemploEnunciadoTPE_TestC2Ev
FNDA:2,_ZN63pixelesActivadosDelElemEstrucCentradoTest_cuadradoCentrado_TestD0Ev
FNDA:2,_ZN63pixelesActivadosDelElemEstrucCentradoTest_cuadradoCentrado_TestD2Ev
FNDA:2,_ZN63pixelesActivadosDelElemEstrucCentradoTest_cuadradoCentrado_Test8TestBodyEv
FNDA:2,_ZN63pixelesActivadosDelElemEstrucCentradoTest_cuadradoCentrado_TestC2Ev
FNDA:2,_ZN64pixelesActivadosDelElemEstrucCentradoTest_cuadradoBordeando_TestD0Ev
FNDA:2,_ZN64pixelesActivadosDelElemEstrucCentradoTest_cuadradoBordeando_TestD2Ev
FNDA:2,_ZN64pixelesActivadosDelElemEstrucCentradoTest_cuadradoBordeando_Test8TestBodyEv
FNDA:2,_ZN64pixelesActivadosDelElemEstrucCentradoTest_cuadradoBordeando_TestC2Ev
FNDA:2,_ZN59pixelesActivadosDelElemEstrucCentradoTest_cruzCentrada_TestD0Ev
FNDA:2,_ZN59pixelesActivadosDelElemEstrucCentradoTest_cruzCentrada_TestD2Ev
FNDA:2,_ZN59pixelesActivadosDelElemEstrucCentradoTest_cruzCentrada_Test8TestBodyEv
FNDA:2,_ZN59pixelesActivadosDelElemEstrucCentradoTest_cruzCentrada_TestC2Ev
FNDA:2,_ZN60pixelesActivadosDelElemEstrucCentradoTest_equisCentrada_TestD0Ev
FNDA:2,_ZN60pixelesActivadosDelElemEstrucCentradoTest_equisCentrada_TestD2Ev
FNDA:2,_ZN60pixelesActivadosDelElemEstrucCentradoTest_equisCentrada_Test8TestBodyEv
FNDA:2,_ZN60pixelesActivadosDelElemEstrucCentradoTest_equisCentrada_TestC2Ev
FNDA:5,_GLOBAL__sub_I__ZN43dilatacionTest_tapandooHuecosDeUnPixel_Test10test_info_E
FNDA:5,_Z41__static_initialization_and_destruction_0ii
FNF:54
FNH:54
DA:4,13
DA:13,4
DA:18,4
DA:27,4
DA:29,2
DA:31,2
DA:32,2
DA:34,13
DA:43,4
DA:48,4
DA:57,4
DA:59,2
DA:61,2
DA:62,2
DA:64,13
DA:76,4
DA:81,4
DA:93,4
DA:95,2
DA:97,2
DA:98,2
DA:100,13
DA:109,4
DA:114,4
DA:123,4
DA:125,2
DA:127,2
DA:128,2
DA:130,13
DA:139,4
DA:144,4
DA:153,4
DA:155,2
DA:157,2
DA:158,2
DA:160,13
DA:169,4
DA:174,4
DA:183,4
DA:185,2
DA:187,2
DA:188,2
DA:190,13
DA:191,4
DA:192,4
DA:193,2
DA:194,2
DA:195,2
DA:197,13
DA:200,4
DA:203,4
DA:204,2
DA:205,2
DA:206,2
DA:208,13
DA:217,4
DA:226,4
DA:227,2
DA:228,2
DA:229,2
DA:231,13
DA:237,4
DA:240,4
DA:241,4
DA:244,4
DA:245,2
DA:246,2
DA:248,13
DA:254,4
DA:257,4
DA:258,4
DA:260,4
DA:261,2
DA:262,2
DA:264,13
DA:270,4
DA:273,4
DA:274,4
DA:277,4
DA:278,2
DA:279,2
DA:281,13
DA:287,4
DA:290,4
DA:291,4
DA:294,4
DA:295,2
DA:296,17
LF:88
LH:88
end_of_record
SF:/home/fyulita/Desktop/tpi/algo1-TPI/lib/googletest-master/googletest/include/gtest/gtest-message.h
FN:91,_ZN7testing7MessageD2Ev
FNDA:0,_ZN7testing7MessageD2Ev
FNF:1
FNH:0
DA:91,0
LF:1
LH:0
end_of_record
SF:/home/fyulita/Desktop/tpi/algo1-TPI/lib/googletest-master/googletest/include/gtest/gtest-printers.h
FN:260,_ZN16testing_internal26DefaultPrintNonContainerToIiEEvRKT_PSo
FN:313,_ZN7testing8internal19FormatForComparisonISt6vectorIS2_IiSaIiEESaIS4_EES6_E6FormatB5cxx11ERKS6_
FN:377,_ZN7testing8internal33FormatForComparisonFailureMessageISt6vectorIS2_IiSaIiEESaIS4_EES6_EENSt7__cxx1112basic_stringIcSt11char_traitsIcESaIcEEERKT_RKT0_
FN:406,_ZN7testing8internal14DefaultPrintToISt6vectorIiSaIiEEEEvNS0_15WrapPrinterTypeILNS0_18DefaultPrinterTypeE0EEERKT_PSo
FN:406,_ZN7testing8internal14DefaultPrintToISt6vectorIS2_IiSaIiEESaIS4_EEEEvNS0_15WrapPrinterTypeILNS0_18DefaultPrinterTypeE0EEERKT_PSo
FN:466,_ZN7testing8internal14DefaultPrintToIiEEvNS0_15WrapPrinterTypeILNS0_18DefaultPrinterTypeE3EEERKT_PSo
FN:483,_ZN7testing8internal7PrintToISt6vectorIS2_IiSaIiEESaIS4_EEEEvRKT_PSo
FN:483,_ZN7testing8internal7PrintToIiEEvRKT_PSo
FN:483,_ZN7testing8internal7PrintToISt6vectorIiSaIiEEEEvRKT_PSo
FN:670,_ZN7testing8internal16UniversalPrinterISt6vectorIS2_IiSaIiEESaIS4_EEE5PrintERKS6_PSo
FN:670,_ZN7testing8internal16UniversalPrinterISt6vectorIiSaIiEEE5PrintERKS4_PSo
FN:670,_ZN7testing8internal16UniversalPrinterIiE5PrintERKiPSo
FN:796,_ZN7testing8internal21UniversalTersePrinterISt6vectorIS2_IiSaIiEESaIS4_EEE5PrintERKS6_PSo
FN:865,_ZN7testing8internal14UniversalPrintISt6vectorIS2_IiSaIiEESaIS4_EEEEvRKT_PSo
FN:865,_ZN7testing8internal14UniversalPrintISt6vectorIiSaIiEEEEvRKT_PSo
FN:865,_ZN7testing8internal14UniversalPrintIiEEvRKT_PSo
FN:915,_ZN7testing13PrintToStringISt6vectorIS1_IiSaIiEESaIS3_EEEENSt7__cxx1112basic_stringIcSt11char_traitsIcESaIcEEERKT_
FNDA:0,_ZN16testing_internal26DefaultPrintNonContainerToIiEEvRKT_PSo
FNDA:0,_ZN7testing8internal19FormatForComparisonISt6vectorIS2_IiSaIiEESaIS4_EES6_E6FormatB5cxx11ERKS6_
FNDA:0,_ZN7testing8internal33FormatForComparisonFailureMessageISt6vectorIS2_IiSaIiEESaIS4_EES6_EENSt7__cxx1112basic_stringIcSt11char_traitsIcESaIcEEERKT_RKT0_
FNDA:0,_ZN7testing8internal14DefaultPrintToISt6vectorIiSaIiEEEEvNS0_15WrapPrinterTypeILNS0_18DefaultPrinterTypeE0EEERKT_PSo
FNDA:0,_ZN7testing8internal14DefaultPrintToISt6vectorIS2_IiSaIiEESaIS4_EEEEvNS0_15WrapPrinterTypeILNS0_18DefaultPrinterTypeE0EEERKT_PSo
FNDA:0,_ZN7testing8internal14DefaultPrintToIiEEvNS0_15WrapPrinterTypeILNS0_18DefaultPrinterTypeE3EEERKT_PSo
FNDA:0,_ZN7testing8internal7PrintToIiEEvRKT_PSo
FNDA:0,_ZN7testing8internal7PrintToISt6vectorIiSaIiEEEEvRKT_PSo
FNDA:0,_ZN7testing8internal7PrintToISt6vectorIS2_IiSaIiEESaIS4_EEEEvRKT_PSo
FNDA:0,_ZN7testing8internal16UniversalPrinterIiE5PrintERKiPSo
FNDA:0,_ZN7testing8internal16UniversalPrinterISt6vectorIiSaIiEEE5PrintERKS4_PSo
FNDA:0,_ZN7testing8internal16UniversalPrinterISt6vectorIS2_IiSaIiEESaIS4_EEE5PrintERKS6_PSo
FNDA:0,_ZN7testing8internal21UniversalTersePrinterISt6vectorIS2_IiSaIiEESaIS4_EEE5PrintERKS6_PSo
FNDA:0,_ZN7testing8internal14UniversalPrintIiEEvRKT_PSo
FNDA:0,_ZN7testing8internal14UniversalPrintISt6vectorIiSaIiEEEEvRKT_PSo
FNDA:0,_ZN7testing8internal14UniversalPrintISt6vectorIS2_IiSaIiEESaIS4_EEEEvRKT_PSo
FNDA:0,_ZN7testing13PrintToStringISt6vectorIS1_IiSaIiEESaIS3_EEEENSt7__cxx1112basic_stringIcSt11char_traitsIcESaIcEEERKT_
FNF:17
FNH:0
DA:260,0
DA:287,0
DA:288,0
DA:313,0
DA:314,0
DA:377,0
DA:379,0
DA:406,0
DA:408,0
DA:409,0
DA:410,0
DA:411,0
DA:412,0
DA:413,0
DA:414,0
DA:415,0
DA:416,0
DA:417,0
DA:420,0
DA:423,0
DA:426,0
DA:427,0
DA:429,0
DA:430,0
DA:466,0
DA:468,0
DA:469,0
DA:483,0
DA:503,0
DA:514,0
DA:670,0
DA:679,0
DA:680,0
DA:796,0
DA:797,0
DA:798,0
DA:865,0
DA:869,0
DA:870,0
DA:915,0
DA:916,0
DA:917,0
DA:918,0
LF:43
LH:0
end_of_record
SF:/home/fyulita/Desktop/tpi/algo1-TPI/lib/googletest-master/googletest/include/gtest/gtest.h
FN:275,_ZN7testing15AssertionResultD2Ev
FN:312,_ZNK7testing15AssertionResultcvbEv
FN:321,_ZNK7testing15AssertionResult7messageEv
FN:325,_ZNK7testing15AssertionResult15failure_messageEv
FN:417,_ZN7testing4Test14SetUpTestSuiteEv
FN:427,_ZN7testing4Test17TearDownTestSuiteEv
FN:431,_ZN7testing4Test16TearDownTestCaseEv
FN:432,_ZN7testing4Test13SetUpTestCaseEv
FN:513,_ZN7testing4Test5SetupEv
FN:1504,_ZN7testing8internal18CmpHelperEQFailureISt6vectorIS2_IiSaIiEESaIS4_EES6_EENS_15AssertionResultEPKcS9_RKT_RKT0_
FN:1523,_ZN7testing8internal11CmpHelperEQISt6vectorIS2_IiSaIiEESaIS4_EES6_EENS_15AssertionResultEPKcS9_RKT_RKT0_
FN:1551,_ZN7testing8internal8EqHelper7CompareISt6vectorIS3_IiSaIiEESaIS5_EES7_LPv0EEENS_15AssertionResultEPKcSB_RKT_RKT0_
FNDA:0,_ZN7testing15AssertionResultD2Ev
FNDA:0,_ZNK7testing15AssertionResultcvbEv
FNDA:0,_ZNK7testing15AssertionResult7messageEv
FNDA:0,_ZNK7testing15AssertionResult15failure_messageEv
FNDA:0,_ZN7testing4Test14SetUpTestSuiteEv
FNDA:0,_ZN7testing4Test17TearDownTestSuiteEv
FNDA:0,_ZN7testing4Test16TearDownTestCaseEv
FNDA:0,_ZN7testing4Test13SetUpTestCaseEv
FNDA:0,_ZN7testing4Test5SetupEv
FNDA:0,_ZN7testing8internal18CmpHelperEQFailureISt6vectorIS2_IiSaIiEESaIS4_EES6_EENS_15AssertionResultEPKcS9_RKT_RKT0_
FNDA:0,_ZN7testing8internal11CmpHelperEQISt6vectorIS2_IiSaIiEESaIS4_EES6_EENS_15AssertionResultEPKcS9_RKT_RKT0_
FNDA:0,_ZN7testing8internal8EqHelper7CompareISt6vectorIS3_IiSaIiEESaIS5_EES7_LPv0EEENS_15AssertionResultEPKcSB_RKT_RKT0_
FNF:12
FNH:0
DA:275,0
DA:312,0
DA:321,0
DA:322,0
DA:325,0
DA:417,0
DA:427,0
DA:431,0
DA:432,0
DA:513,0
DA:1504,0
DA:1511,0
DA:1523,0
DA:1527,0
DA:1528,0
DA:1531,0
DA:1551,0
DA:1554,0
LF:18
LH:0
end_of_record
SF:/home/fyulita/Desktop/tpi/algo1-TPI/lib/googletest-master/googletest/include/gtest/internal/gtest-internal.h
FN:442,_ZN7testing8internal15TestFactoryBaseD2Ev
FN:442,_ZN7testing8internal15TestFactoryBaseD0Ev
FN:449,_ZN7testing8internal15TestFactoryBaseC2Ev
FN:458,_ZN7testing8internal15TestFactoryImplI35borrarImagenTest_imagenBorrada_TestED0Ev
FN:458,_ZN7testing8internal15TestFactoryImplI60pixelesActivadosDelElemEstrucCentradoTest_equisCentrada_TestED2Ev
FN:458,_ZN7testing8internal15TestFactoryImplI33borrarImagenTest_imagenVacia_TestED2Ev
FN:458,_ZN7testing8internal15TestFactoryImplI40erosionTest_tapandooHuecosDeUnPixel_TestED0Ev
FN:458,_ZN7testing8internal15TestFactoryImplI64pixelesActivadosDelElemEstrucCentradoTest_cuadradoBordeando_TestED0Ev
FN:458,_ZN7testing8internal15TestFactoryImplI33borrarImagenTest_imagenVacia_TestED0Ev
FN:458,_ZN7testing8internal15TestFactoryImplI36erosionTest_ejemploEnunciadoTPE_TestED2Ev
FN:458,_ZN7testing8internal15TestFactoryImplI41borrarImagenTest_ejemploEnunciadoTPE_TestED0Ev
FN:458,_ZN7testing8internal15TestFactoryImplI39dilatacionTest_ejemploEnunciadoTPE_TestED0Ev
FN:458,_ZN7testing8internal15TestFactoryImplI40erosionTest_tapandooHuecosDeUnPixel_TestEC2Ev
FN:458,_ZN7testing8internal15TestFactoryImplI43dilatacionTest_tapandooHuecosDeUnPixel_TestED2Ev
FN:458,_ZN7testing8internal15TestFactoryImplI59pixelesActivadosDelElemEstrucCentradoTest_cruzCentrada_TestEC2Ev
FN:458,_ZN7testing8internal15TestFactoryImplI39dilatacionTest_ejemploEnunciadoTPE_TestEC2Ev
FN:458,_ZN7testing8internal15TestFactoryImplI60pixelesActivadosDelElemEstrucCentradoTest_equisCentrada_TestEC2Ev
FN:458,_ZN7testing8internal15TestFactoryImplI64pixelesActivadosDelElemEstrucCentradoTest_cuadradoBordeando_TestED2Ev
FN:458,_ZN7testing8internal15TestFactoryImplI35borrarImagenTest_imagenBorrada_TestEC2Ev
FN:458,_ZN7testing8internal15TestFactoryImplI30erosionTest_cierreConCruz_TestED0Ev
FN:458,_ZN7testing8internal15TestFactoryImplI33dilatacionTest_cierreConCruz_TestED2Ev
FN:458,_ZN7testing8internal15TestFactoryImplI43dilatacionTest_tapandooHuecosDeUnPixel_TestED0Ev
FN:458,_ZN7testing8internal15TestFactoryImplI30erosionTest_cierreConCruz_TestEC2Ev
FN:458,_ZN7testing8internal15TestFactoryImplI40erosionTest_tapandooHuecosDeUnPixel_TestED2Ev
FN:458,_ZN7testing8internal15TestFactoryImplI59pixelesActivadosDelElemEstrucCentradoTest_cruzCentrada_TestED0Ev
FN:458,_ZN7testing8internal15TestFactoryImplI63pixelesActivadosDelElemEstrucCentradoTest_cuadradoCentrado_TestED0Ev
FN:458,_ZN7testing8internal15TestFactoryImplI64pixelesActivadosDelElemEstrucCentradoTest_cuadradoBordeando_TestEC2Ev
FN:458,_ZN7testing8internal15TestFactoryImplI36erosionTest_ejemploEnunciadoTPE_TestED0Ev
FN:458,_ZN7testing8internal15TestFactoryImplI43dilatacionTest_tapandooHuecosDeUnPixel_TestEC2Ev
FN:458,_ZN7testing8internal15TestFactoryImplI41borrarImagenTest_ejemploEnunciadoTPE_TestEC2Ev
FN:458,_ZN7testing8internal15TestFactoryImplI36erosionTest_ejemploEnunciadoTPE_TestEC2Ev
FN:458,_ZN7testing8internal15TestFactoryImplI33dilatacionTest_cierreConCruz_TestED0Ev
FN:458,_ZN7testing8internal15TestFactoryImplI30erosionTest_cierreConCruz_TestED2Ev
FN:458,_ZN7testing8internal15TestFactoryImplI41borrarImagenTest_ejemploEnunciadoTPE_TestED2Ev
FN:458,_ZN7testing8internal15TestFactoryImplI60pixelesActivadosDelElemEstrucCentradoTest_equisCentrada_TestED0Ev
FN:458,_ZN7testing8internal15TestFactoryImplI35borrarImagenTest_imagenBorrada_TestED2Ev
FN:458,_ZN7testing8internal15TestFactoryImplI63pixelesActivadosDelElemEstrucCentradoTest_cuadradoCentrado_TestED2Ev
FN:458,_ZN7testing8internal15TestFactoryImplI33dilatacionTest_cierreConCruz_TestEC2Ev
FN:458,_ZN7testing8internal15TestFactoryImplI63pixelesActivadosDelElemEstrucCentradoTest_cuadradoCentrado_TestEC2Ev
FN:458,_ZN7testing8internal15TestFactoryImplI39dilatacionTest_ejemploEnunciadoTPE_TestED2Ev
FN:458,_ZN7testing8internal15TestFactoryImplI33borrarImagenTest_imagenVacia_TestEC2Ev
FN:458,_ZN7testing8internal15TestFactoryImplI59pixelesActivadosDelElemEstrucCentradoTest_cruzCentrada_TestED2Ev
FN:460,_ZN7testing8internal15TestFactoryImplI39dilatacionTest_ejemploEnunciadoTPE_TestE10CreateTestEv
FN:460,_ZN7testing8internal15TestFactoryImplI63pixelesActivadosDelElemEstrucCentradoTest_cuadradoCentrado_TestE10CreateTestEv
FN:460,_ZN7testing8internal15TestFactoryImplI30erosionTest_cierreConCruz_TestE10CreateTestEv
FN:460,_ZN7testing8internal15TestFactoryImplI33dilatacionTest_cierreConCruz_TestE10CreateTestEv
FN:460,_ZN7testing8internal15TestFactoryImplI41borrarImagenTest_ejemploEnunciadoTPE_TestE10CreateTestEv
FN:460,_ZN7testing8internal15TestFactoryImplI59pixelesActivadosDelElemEstrucCentradoTest_cruzCentrada_TestE10CreateTestEv
FN:460,_ZN7testing8internal15TestFactoryImplI60pixelesActivadosDelElemEstrucCentradoTest_equisCentrada_TestE10CreateTestEv
FN:460,_ZN7testing8internal15TestFactoryImplI36erosionTest_ejemploEnunciadoTPE_TestE10CreateTestEv
FN:460,_ZN7testing8internal15TestFactoryImplI43dilatacionTest_tapandooHuecosDeUnPixel_TestE10CreateTestEv
FN:460,_ZN7testing8internal15TestFactoryImplI40erosionTest_tapandooHuecosDeUnPixel_TestE10CreateTestEv
FN:460,_ZN7testing8internal15TestFactoryImplI64pixelesActivadosDelElemEstrucCentradoTest_cuadradoBordeando_TestE10CreateTestEv
FN:460,_ZN7testing8internal15TestFactoryImplI33borrarImagenTest_imagenVacia_TestE10CreateTestEv
FN:460,_ZN7testing8internal15TestFactoryImplI35borrarImagenTest_imagenBorrada_TestE10CreateTestEv
FN:480,_ZN7testing8internal12CodeLocationD2Ev
FN:481,_ZN7testing8internal12CodeLocationC2ERKNSt7__cxx1112basic_stringIcSt11char_traitsIcESaIcEEEi
FN:494,_ZN7testing8internal19GetNotDefaultOrNullEPFvvES2_
FN:509,_ZN7testing8internal16SuiteApiResolverINS_4TestEE19GetSetUpCaseOrSuiteEPKci
FN:524,_ZN7testing8internal16SuiteApiResolverINS_4TestEE22GetTearDownCaseOrSuiteEPKci
FNDA:0,_ZN7testing8internal15TestFactoryBaseD0Ev
FNDA:0,_ZN7testing8internal15TestFactoryBaseD2Ev
FNDA:0,_ZN7testing8internal15TestFactoryBaseC2Ev
FNDA:5,_ZN7testing8internal15TestFactoryImplI43dilatacionTest_tapandooHuecosDeUnPixel_TestED0Ev
FNDA:5,_ZN7testing8internal15TestFactoryImplI43dilatacionTest_tapandooHuecosDeUnPixel_TestED2Ev
FNDA:5,_ZN7testing8internal15TestFactoryImplI33dilatacionTest_cierreConCruz_TestED0Ev
FNDA:5,_ZN7testing8internal15TestFactoryImplI33dilatacionTest_cierreConCruz_TestED2Ev
FNDA:5,_ZN7testing8internal15TestFactoryImplI39dilatacionTest_ejemploEnunciadoTPE_TestED0Ev
FNDA:5,_ZN7testing8internal15TestFactoryImplI39dilatacionTest_ejemploEnunciadoTPE_TestED2Ev
FNDA:5,_ZN7testing8internal15TestFactoryImplI40erosionTest_tapandooHuecosDeUnPixel_TestED0Ev
FNDA:5,_ZN7testing8internal15TestFactoryImplI40erosionTest_tapandooHuecosDeUnPixel_TestED2Ev
FNDA:5,_ZN7testing8internal15TestFactoryImplI30erosionTest_cierreConCruz_TestED0Ev
FNDA:5,_ZN7testing8internal15TestFactoryImplI30erosionTest_cierreConCruz_TestED2Ev
FNDA:5,_ZN7testing8internal15TestFactoryImplI36erosionTest_ejemploEnunciadoTPE_TestED0Ev
FNDA:5,_ZN7testing8internal15TestFactoryImplI36erosionTest_ejemploEnunciadoTPE_TestED2Ev
FNDA:5,_ZN7testing8internal15TestFactoryImplI33borrarImagenTest_imagenVacia_TestED0Ev
FNDA:5,_ZN7testing8internal15TestFactoryImplI33borrarImagenTest_imagenVacia_TestED2Ev
FNDA:5,_ZN7testing8internal15TestFactoryImplI35borrarImagenTest_imagenBorrada_TestED0Ev
FNDA:5,_ZN7testing8internal15TestFactoryImplI35borrarImagenTest_imagenBorrada_TestED2Ev
FNDA:5,_ZN7testing8internal15TestFactoryImplI41borrarImagenTest_ejemploEnunciadoTPE_TestED0Ev
FNDA:5,_ZN7testing8internal15TestFactoryImplI41borrarImagenTest_ejemploEnunciadoTPE_TestED2Ev
FNDA:5,_ZN7testing8internal15TestFactoryImplI63pixelesActivadosDelElemEstrucCentradoTest_cuadradoCentrado_TestED0Ev
FNDA:5,_ZN7testing8internal15TestFactoryImplI63pixelesActivadosDelElemEstrucCentradoTest_cuadradoCentrado_TestED2Ev
FNDA:5,_ZN7testing8internal15TestFactoryImplI64pixelesActivadosDelElemEstrucCentradoTest_cuadradoBordeando_TestED0Ev
FNDA:5,_ZN7testing8internal15TestFactoryImplI64pixelesActivadosDelElemEstrucCentradoTest_cuadradoBordeando_TestED2Ev
FNDA:5,_ZN7testing8internal15TestFactoryImplI59pixelesActivadosDelElemEstrucCentradoTest_cruzCentrada_TestED0Ev
FNDA:5,_ZN7testing8internal15TestFactoryImplI59pixelesActivadosDelElemEstrucCentradoTest_cruzCentrada_TestED2Ev
FNDA:5,_ZN7testing8internal15TestFactoryImplI60pixelesActivadosDelElemEstrucCentradoTest_equisCentrada_TestED0Ev
FNDA:5,_ZN7testing8internal15TestFactoryImplI60pixelesActivadosDelElemEstrucCentradoTest_equisCentrada_TestED2Ev
FNDA:5,_ZN7testing8internal15TestFactoryImplI60pixelesActivadosDelElemEstrucCentradoTest_equisCentrada_TestEC2Ev
FNDA:5,_ZN7testing8internal15TestFactoryImplI59pixelesActivadosDelElemEstrucCentradoTest_cruzCentrada_TestEC2Ev
FNDA:5,_ZN7testing8internal15TestFactoryImplI64pixelesActivadosDelElemEstrucCentradoTest_cuadradoBordeando_TestEC2Ev
FNDA:5,_ZN7testing8internal15TestFactoryImplI63pixelesActivadosDelElemEstrucCentradoTest_cuadradoCentrado_TestEC2Ev
FNDA:5,_ZN7testing8internal15TestFactoryImplI41borrarImagenTest_ejemploEnunciadoTPE_TestEC2Ev
FNDA:5,_ZN7testing8internal15TestFactoryImplI35borrarImagenTest_imagenBorrada_TestEC2Ev
FNDA:5,_ZN7testing8internal15TestFactoryImplI33borrarImagenTest_imagenVacia_TestEC2Ev
FNDA:5,_ZN7testing8internal15TestFactoryImplI36erosionTest_ejemploEnunciadoTPE_TestEC2Ev
FNDA:5,_ZN7testing8internal15TestFactoryImplI30erosionTest_cierreConCruz_TestEC2Ev
FNDA:5,_ZN7testing8internal15TestFactoryImplI40erosionTest_tapandooHuecosDeUnPixel_TestEC2Ev
FNDA:5,_ZN7testing8internal15TestFactoryImplI39dilatacionTest_ejemploEnunciadoTPE_TestEC2Ev
FNDA:5,_ZN7testing8internal15TestFactoryImplI33dilatacionTest_cierreConCruz_TestEC2Ev
FNDA:5,_ZN7testing8internal15TestFactoryImplI43dilatacionTest_tapandooHuecosDeUnPixel_TestEC2Ev
FNDA:2,_ZN7testing8internal15TestFactoryImplI43dilatacionTest_tapandooHuecosDeUnPixel_TestE10CreateTestEv
FNDA:2,_ZN7testing8internal15TestFactoryImplI33dilatacionTest_cierreConCruz_TestE10CreateTestEv
FNDA:2,_ZN7testing8internal15TestFactoryImplI39dilatacionTest_ejemploEnunciadoTPE_TestE10CreateTestEv
FNDA:2,_ZN7testing8internal15TestFactoryImplI40erosionTest_tapandooHuecosDeUnPixel_TestE10CreateTestEv
FNDA:2,_ZN7testing8internal15TestFactoryImplI30erosionTest_cierreConCruz_TestE10CreateTestEv
FNDA:2,_ZN7testing8internal15TestFactoryImplI36erosionTest_ejemploEnunciadoTPE_TestE10CreateTestEv
FNDA:2,_ZN7testing8internal15TestFactoryImplI33borrarImagenTest_imagenVacia_TestE10CreateTestEv
FNDA:2,_ZN7testing8internal15TestFactoryImplI35borrarImagenTest_imagenBorrada_TestE10CreateTestEv
FNDA:2,_ZN7testing8internal15TestFactoryImplI41borrarImagenTest_ejemploEnunciadoTPE_TestE10CreateTestEv
FNDA:2,_ZN7testing8internal15TestFactoryImplI63pixelesActivadosDelElemEstrucCentradoTest_cuadradoCentrado_TestE10CreateTestEv
FNDA:2,_ZN7testing8internal15TestFactoryImplI64pixelesActivadosDelElemEstrucCentradoTest_cuadradoBordeando_TestE10CreateTestEv
FNDA:2,_ZN7testing8internal15TestFactoryImplI59pixelesActivadosDelElemEstrucCentradoTest_cruzCentrada_TestE10CreateTestEv
FNDA:2,_ZN7testing8internal15TestFactoryImplI60pixelesActivadosDelElemEstrucCentradoTest_equisCentrada_TestE10CreateTestEv
FNDA:0,_ZN7testing8internal12CodeLocationD2Ev
FNDA:0,_ZN7testing8internal12CodeLocationC2ERKNSt7__cxx1112basic_stringIcSt11char_traitsIcESaIcEEEi
FNDA:0,_ZN7testing8internal19GetNotDefaultOrNullEPFvvES2_
FNDA:0,_ZN7testing8internal16SuiteApiResolverINS_4TestEE19GetSetUpCaseOrSuiteEPKci
FNDA:0,_ZN7testing8internal16SuiteApiResolverINS_4TestEE22GetTearDownCaseOrSuiteEPKci
FNF:60
FNH:52
DA:442,0
DA:449,0
DA:458,195
DA:460,26
DA:480,0
DA:481,0
DA:482,0
DA:494,0
DA:496,0
DA:509,0
DA:511,0
DA:513,0
DA:516,0
DA:519,0
DA:521,0
DA:524,0
DA:526,0
DA:528,0
DA:531,0
DA:534,0
DA:536,0
LF:21
LH:2
end_of_record
SF:/home/fyulita/Desktop/tpi/algo1-TPI/lib/googletest-master/googletest/include/gtest/internal/gtest-port.h
FN:942,_ZN7testing8internal8GTestLog9GetStreamEv
FNDA:0,_ZN7testing8internal8GTestLog9GetStreamEv
FNF:1
FNH:0
DA:942,0
LF:1
LH:0
end_of_record
SF:/usr/include/c++/7/bits/alloc_traits.h
FN:435,_ZNSt16allocator_traitsISaIiEE8allocateERS0_m
FN:435,_ZNSt16allocator_traitsISaISt6vectorIiSaIiEEEE8allocateERS3_m
FN:461,_ZNSt16allocator_traitsISaISt6vectorIiSaIiEEEE10deallocateERS3_PS2_m
FN:461,_ZNSt16allocator_traitsISaIiEE10deallocateERS0_Pim
FN:504,_ZNSt16allocator_traitsISaIiEE37select_on_container_copy_constructionERKS0_
FNDA:0,_ZNSt16allocator_traitsISaISt6vectorIiSaIiEEEE8allocateERS3_m
FNDA:0,_ZNSt16allocator_traitsISaIiEE8allocateERS0_m
FNDA:0,_ZNSt16allocator_traitsISaISt6vectorIiSaIiEEEE10deallocateERS3_PS2_m
FNDA:0,_ZNSt16allocator_traitsISaIiEE10deallocateERS0_Pim
FNDA:0,_ZNSt16allocator_traitsISaIiEE37select_on_container_copy_constructionERKS0_
FNF:5
FNH:0
DA:435,0
DA:436,0
DA:461,0
DA:462,0
DA:504,0
DA:505,0
LF:6
LH:0
end_of_record
SF:/usr/include/c++/7/bits/allocator.h
FN:131,_ZNSaISt6vectorIiSaIiEEEC2Ev
FN:131,_ZNSaIiEC2Ev
FN:133,_ZNSaISt6vectorIiSaIiEEEC2ERKS2_
FN:133,_ZNSaIiEC2ERKS_
FN:139,_ZNSaISt6vectorIiSaIiEEED2Ev
FN:139,_ZNSaIiED2Ev
FNDA:0,_ZNSaISt6vectorIiSaIiEEEC2Ev
FNDA:0,_ZNSaIiEC2Ev
FNDA:0,_ZNSaISt6vectorIiSaIiEEEC2ERKS2_
FNDA:0,_ZNSaIiEC2ERKS_
FNDA:0,_ZNSaISt6vectorIiSaIiEEED2Ev
FNDA:0,_ZNSaIiED2Ev
FNF:6
FNH:0
DA:131,0
DA:133,0
DA:134,0
DA:139,0
LF:4
LH:0
end_of_record
SF:/usr/include/c++/7/bits/cpp_type_traits.h
FN:408,_ZSt12__miter_baseIPKiET_S2_
FN:408,_ZSt12__miter_baseIN9__gnu_cxx17__normal_iteratorIPKiSt6vectorIiSaIiEEEEET_S8_
FNDA:0,_ZSt12__miter_baseIN9__gnu_cxx17__normal_iteratorIPKiSt6vectorIiSaIiEEEEET_S8_
FNDA:0,_ZSt12__miter_baseIPKiET_S2_
FNF:2
FNH:0
DA:408,0
DA:409,0
LF:2
LH:0
end_of_record
SF:/usr/include/c++/7/bits/ios_base.h
FN:129,_ZStorSt13_Ios_OpenmodeS_
FNDA:0,_ZStorSt13_Ios_OpenmodeS_
FNF:1
FNH:0
DA:129,0
DA:130,0
LF:2
LH:0
end_of_record
SF:/usr/include/c++/7/bits/move.h
FN:47,_ZSt11__addressofISt6vectorIiSaIiEEEPT_RS3_
FN:73,_ZSt7forwardIRKSt6vectorIiSaIiEEEOT_RNSt16remove_referenceIS5_E4typeE
FNDA:0,_ZSt11__addressofISt6vectorIiSaIiEEEPT_RS3_
FNDA:0,_ZSt7forwardIRKSt6vectorIiSaIiEEEOT_RNSt16remove_referenceIS5_E4typeE
FNF:2
FNH:0
DA:47,0
DA:48,0
DA:73,0
DA:74,0
LF:4
LH:0
end_of_record
SF:/usr/include/c++/7/bits/stl_algobase.h
FN:277,_ZSt12__niter_baseIPKiET_S2_
FN:277,_ZSt12__niter_baseIPiET_S1_
FN:357,_ZNSt11__copy_moveILb0ELb1ESt26random_access_iterator_tagE8__copy_mIiEEPT_PKS3_S6_S4_
FN:375,_ZSt13__copy_move_aILb0EPKiPiET1_T0_S4_S3_
FN:420,_ZSt14__copy_move_a2ILb0EPKiPiET1_T0_S4_S3_
FN:420,_ZSt14__copy_move_a2ILb0EN9__gnu_cxx17__normal_iteratorIPKiSt6vectorIiSaIiEEEEPiET1_T0_SA_S9_
FN:446,_ZSt4copyIN9__gnu_cxx17__normal_iteratorIPKiSt6vectorIiSaIiEEEEPiET0_T_SA_S9_
FN:446,_ZSt4copyIPKiPiET0_T_S4_S3_
FN:797,_ZNSt7__equalILb0EE5equalIPKSt6vectorIiSaIiEES6_EEbT_S7_T0_
FN:811,_ZNSt7__equalILb1EE5equalIiEEbPKT_S4_S4_
FN:821,_ZSt11__equal_auxIPKiS1_EbT_S2_T0_
FN:821,_ZSt11__equal_auxIPKSt6vectorIiSaIiEES4_EbT_S5_T0_
FN:1041,_ZSt5equalIN9__gnu_cxx17__normal_iteratorIPKSt6vectorIiSaIiEES2_IS4_SaIS4_EEEES9_EbT_SA_T0_
FN:1041,_ZSt5equalIN9__gnu_cxx17__normal_iteratorIPKiSt6vectorIiSaIiEEEES7_EbT_S8_T0_
FNDA:0,_ZSt12__niter_baseIPiET_S1_
FNDA:0,_ZSt12__niter_baseIPKiET_S2_
FNDA:0,_ZNSt11__copy_moveILb0ELb1ESt26random_access_iterator_tagE8__copy_mIiEEPT_PKS3_S6_S4_
FNDA:0,_ZSt13__copy_move_aILb0EPKiPiET1_T0_S4_S3_
FNDA:0,_ZSt14__copy_move_a2ILb0EN9__gnu_cxx17__normal_iteratorIPKiSt6vectorIiSaIiEEEEPiET1_T0_SA_S9_
FNDA:0,_ZSt14__copy_move_a2ILb0EPKiPiET1_T0_S4_S3_
FNDA:0,_ZSt4copyIN9__gnu_cxx17__normal_iteratorIPKiSt6vectorIiSaIiEEEEPiET0_T_SA_S9_
FNDA:0,_ZSt4copyIPKiPiET0_T_S4_S3_
FNDA:0,_ZNSt7__equalILb0EE5equalIPKSt6vectorIiSaIiEES6_EEbT_S7_T0_
FNDA:0,_ZNSt7__equalILb1EE5equalIiEEbPKT_S4_S4_
FNDA:0,_ZSt11__equal_auxIPKiS1_EbT_S2_T0_
FNDA:0,_ZSt11__equal_auxIPKSt6vectorIiSaIiEES4_EbT_S5_T0_
FNDA:0,_ZSt5equalIN9__gnu_cxx17__normal_iteratorIPKiSt6vectorIiSaIiEEEES7_EbT_S8_T0_
FNDA:0,_ZSt5equalIN9__gnu_cxx17__normal_iteratorIPKSt6vectorIiSaIiEES2_IS4_SaIS4_EEEES9_EbT_SA_T0_
FNF:14
FNH:0
DA:277,0
DA:278,0
DA:357,0
DA:366,0
DA:367,0
DA:368,0
DA:369,0
DA:375,0
DA:380,0
DA:386,0
DA:420,0
DA:422,0
DA:424,0
DA:446,0
DA:455,0
DA:456,0
DA:797,0
DA:799,0
DA:800,0
DA:801,0
DA:802,0
DA:811,0
DA:813,0
DA:814,0
DA:815,0
DA:821,0
DA:825,0
DA:831,0
DA:1041,0
DA:1051,0
DA:1053,0
LF:31
LH:0
end_of_record
SF:/usr/include/c++/7/bits/stl_construct.h
FN:74,_ZSt10_ConstructISt6vectorIiSaIiEEJRKS2_EEvPT_DpOT0_
FN:97,_ZSt8_DestroyISt6vectorIiSaIiEEEvPT_
FN:105,_ZNSt12_Destroy_auxILb0EE9__destroyIPSt6vectorIiSaIiEEEEvT_S6_
FN:117,_ZNSt12_Destroy_auxILb1EE9__destroyIPiEEvT_S3_
FN:127,_ZSt8_DestroyIPSt6vectorIiSaIiEEEvT_S4_
FN:127,_ZSt8_DestroyIPiEvT_S1_
FN:203,_ZSt8_DestroyIPSt6vectorIiSaIiEES2_EvT_S4_RSaIT0_E
FN:203,_ZSt8_DestroyIPiiEvT_S1_RSaIT0_E
FNDA:0,_ZSt10_ConstructISt6vectorIiSaIiEEJRKS2_EEvPT_DpOT0_
FNDA:0,_ZSt8_DestroyISt6vectorIiSaIiEEEvPT_
FNDA:0,_ZNSt12_Destroy_auxILb0EE9__destroyIPSt6vectorIiSaIiEEEEvT_S6_
FNDA:0,_ZNSt12_Destroy_auxILb1EE9__destroyIPiEEvT_S3_
FNDA:0,_ZSt8_DestroyIPSt6vectorIiSaIiEEEvT_S4_
FNDA:0,_ZSt8_DestroyIPiEvT_S1_
FNDA:0,_ZSt8_DestroyIPSt6vectorIiSaIiEES2_EvT_S4_RSaIT0_E
FNDA:0,_ZSt8_DestroyIPiiEvT_S1_RSaIT0_E
FNF:8
FNH:0
DA:74,0
DA:75,0
DA:97,0
DA:98,0
DA:105,0
DA:107,0
DA:108,0
DA:109,0
DA:117,0
DA:127,0
DA:137,0
DA:138,0
DA:203,0
DA:206,0
DA:207,0
LF:15
LH:0
end_of_record
SF:/usr/include/c++/7/bits/stl_iterator.h
FN:782,_ZN9__gnu_cxx17__normal_iteratorIPKSt6vectorIiSaIiEES1_IS3_SaIS3_EEEC2ERKS5_
FN:782,_ZN9__gnu_cxx17__normal_iteratorIPKiSt6vectorIiSaIiEEEC2ERKS2_
FN:795,_ZNK9__gnu_cxx17__normal_iteratorIPKSt6vectorIiSaIiEES1_IS3_SaIS3_EEEdeEv
FN:795,_ZNK9__gnu_cxx17__normal_iteratorIPKiSt6vectorIiSaIiEEEdeEv
FN:803,_ZN9__gnu_cxx17__normal_iteratorIPKSt6vectorIiSaIiEES1_IS3_SaIS3_EEEppEv
FN:803,_ZN9__gnu_cxx17__normal_iteratorIPKiSt6vectorIiSaIiEEEppEv
FN:847,_ZNK9__gnu_cxx17__normal_iteratorIPKSt6vectorIiSaIiEES1_IS3_SaIS3_EEE4baseEv
FN:847,_ZNK9__gnu_cxx17__normal_iteratorIPKiSt6vectorIiSaIiEEE4baseEv
FN:883,_ZN9__gnu_cxxneIPKiSt6vectorIiSaIiEEEEbRKNS_17__normal_iteratorIT_T0_EESB_
FN:883,_ZN9__gnu_cxxneIPKSt6vectorIiSaIiEES1_IS3_SaIS3_EEEEbRKNS_17__normal_iteratorIT_T0_EESD_
FN:986,_ZSt12__niter_baseIPKSt6vectorIiSaIiEES0_IS2_SaIS2_EEET_N9__gnu_cxx17__normal_iteratorIS7_T0_EE
FN:986,_ZSt12__niter_baseIPKiSt6vectorIiSaIiEEET_N9__gnu_cxx17__normal_iteratorIS5_T0_EE
FNDA:0,_ZN9__gnu_cxx17__normal_iteratorIPKiSt6vectorIiSaIiEEEC2ERKS2_
FNDA:0,_ZN9__gnu_cxx17__normal_iteratorIPKSt6vectorIiSaIiEES1_IS3_SaIS3_EEEC2ERKS5_
FNDA:0,_ZNK9__gnu_cxx17__normal_iteratorIPKiSt6vectorIiSaIiEEEdeEv
FNDA:0,_ZNK9__gnu_cxx17__normal_iteratorIPKSt6vectorIiSaIiEES1_IS3_SaIS3_EEEdeEv
FNDA:0,_ZN9__gnu_cxx17__normal_iteratorIPKiSt6vectorIiSaIiEEEppEv
FNDA:0,_ZN9__gnu_cxx17__normal_iteratorIPKSt6vectorIiSaIiEES1_IS3_SaIS3_EEEppEv
FNDA:0,_ZNK9__gnu_cxx17__normal_iteratorIPKiSt6vectorIiSaIiEEE4baseEv
FNDA:0,_ZNK9__gnu_cxx17__normal_iteratorIPKSt6vectorIiSaIiEES1_IS3_SaIS3_EEE4baseEv
FNDA:0,_ZN9__gnu_cxxneIPKiSt6vectorIiSaIiEEEEbRKNS_17__normal_iteratorIT_T0_EESB_
FNDA:0,_ZN9__gnu_cxxneIPKSt6vectorIiSaIiEES1_IS3_SaIS3_EEEEbRKNS_17__normal_iteratorIT_T0_EESD_
FNDA:0,_ZSt12__niter_baseIPKiSt6vectorIiSaIiEEET_N9__gnu_cxx17__normal_iteratorIS5_T0_EE
FNDA:0,_ZSt12__niter_baseIPKSt6vectorIiSaIiEES0_IS2_SaIS2_EEET_N9__gnu_cxx17__normal_iteratorIS7_T0_EE
FNF:12
FNH:0
DA:782,0
DA:783,0
DA:795,0
DA:796,0
DA:803,0
DA:805,0
DA:806,0
DA:847,0
DA:848,0
DA:883,0
DA:886,0
DA:986,0
DA:987,0
LF:13
LH:0
end_of_record
SF:/usr/include/c++/7/bits/stl_iterator_base_funcs.h
FN:98,_ZSt10__distanceIPKSt6vectorIiSaIiEEENSt15iterator_traitsIT_E15difference_typeES6_S6_St26random_access_iterator_tag
FN:98,_ZSt10__distanceIPKiENSt15iterator_traitsIT_E15difference_typeES3_S3_St26random_access_iterator_tag
FN:138,_ZSt8distanceIPKiENSt15iterator_traitsIT_E15difference_typeES3_S3_
FN:138,_ZSt8distanceIPKSt6vectorIiSaIiEEENSt15iterator_traitsIT_E15difference_typeES6_S6_
FNDA:0,_ZSt10__distanceIPKSt6vectorIiSaIiEEENSt15iterator_traitsIT_E15difference_typeES6_S6_St26random_access_iterator_tag
FNDA:0,_ZSt10__distanceIPKiENSt15iterator_traitsIT_E15difference_typeES3_S3_St26random_access_iterator_tag
FNDA:0,_ZSt8distanceIPKSt6vectorIiSaIiEEENSt15iterator_traitsIT_E15difference_typeES6_S6_
FNDA:0,_ZSt8distanceIPKiENSt15iterator_traitsIT_E15difference_typeES3_S3_
FNF:4
FNH:0
DA:98,0
DA:104,0
DA:138,0
DA:141,0
DA:142,0
LF:5
LH:0
end_of_record
SF:/usr/include/c++/7/bits/stl_iterator_base_types.h
FN:205,_ZSt19__iterator_categoryIPKiENSt15iterator_traitsIT_E17iterator_categoryERKS3_
FN:205,_ZSt19__iterator_categoryIPKSt6vectorIiSaIiEEENSt15iterator_traitsIT_E17iterator_categoryERKS6_
FNDA:0,_ZSt19__iterator_categoryIPKSt6vectorIiSaIiEEENSt15iterator_traitsIT_E17iterator_categoryERKS6_
FNDA:0,_ZSt19__iterator_categoryIPKiENSt15iterator_traitsIT_E17iterator_categoryERKS3_
FNF:2
FNH:0
DA:205,0
DA:206,0
LF:2
LH:0
end_of_record
SF:/usr/include/c++/7/bits/stl_uninitialized.h
FN:76,_ZNSt20__uninitialized_copyILb0EE13__uninit_copyIPKSt6vectorIiSaIiEEPS4_EET0_T_S9_S8_
FN:99,_ZNSt20__uninitialized_copyILb1EE13__uninit_copyIPKiPiEET0_T_S6_S5_
FN:99,_ZNSt20__uninitialized_copyILb1EE13__uninit_copyIN9__gnu_cxx17__normal_iteratorIPKiSt6vectorIiSaIiEEEEPiEET0_T_SC_SB_
FN:115,_ZSt18uninitialized_copyIPKSt6vectorIiSaIiEEPS2_ET0_T_S7_S6_
FN:115,_ZSt18uninitialized_copyIPKiPiET0_T_S4_S3_
FN:115,_ZSt18uninitialized_copyIN9__gnu_cxx17__normal_iteratorIPKiSt6vectorIiSaIiEEEEPiET0_T_SA_S9_
FN:287,_ZSt22__uninitialized_copy_aIPKiPiiET0_T_S4_S3_RSaIT1_E
FN:287,_ZSt22__uninitialized_copy_aIPKSt6vectorIiSaIiEEPS2_S2_ET0_T_S7_S6_RSaIT1_E
FN:287,_ZSt22__uninitialized_copy_aIN9__gnu_cxx17__normal_iteratorIPKiSt6vectorIiSaIiEEEEPiiET0_T_SA_S9_RSaIT1_E
FNDA:0,_ZNSt20__uninitialized_copyILb0EE13__uninit_copyIPKSt6vectorIiSaIiEEPS4_EET0_T_S9_S8_
FNDA:0,_ZNSt20__uninitialized_copyILb1EE13__uninit_copyIN9__gnu_cxx17__normal_iteratorIPKiSt6vectorIiSaIiEEEEPiEET0_T_SC_SB_
FNDA:0,_ZNSt20__uninitialized_copyILb1EE13__uninit_copyIPKiPiEET0_T_S6_S5_
FNDA:0,_ZSt18uninitialized_copyIN9__gnu_cxx17__normal_iteratorIPKiSt6vectorIiSaIiEEEEPiET0_T_SA_S9_
FNDA:0,_ZSt18uninitialized_copyIPKSt6vectorIiSaIiEEPS2_ET0_T_S7_S6_
FNDA:0,_ZSt18uninitialized_copyIPKiPiET0_T_S4_S3_
FNDA:0,_ZSt22__uninitialized_copy_aIN9__gnu_cxx17__normal_iteratorIPKiSt6vectorIiSaIiEEEEPiiET0_T_SA_S9_RSaIT1_E
FNDA:0,_ZSt22__uninitialized_copy_aIPKSt6vectorIiSaIiEEPS2_S2_ET0_T_S7_S6_RSaIT1_E
FNDA:0,_ZSt22__uninitialized_copy_aIPKiPiiET0_T_S4_S3_RSaIT1_E
FNF:9
FNH:0
DA:76,0
DA:79,0
DA:82,0
DA:83,0
DA:84,0
DA:86,0
DA:88,0
DA:89,0
DA:99,0
DA:101,0
DA:115,0
DA:128,0
DA:134,0
DA:287,0
DA:289,0
LF:15
LH:0
end_of_record
SF:/usr/include/c++/7/bits/stl_vector.h
FN:81,_ZNSt12_Vector_baseIiSaIiEE12_Vector_implD2Ev
FN:81,_ZNSt12_Vector_baseISt6vectorIiSaIiEESaIS2_EE12_Vector_implD2Ev
FN:88,_ZNSt12_Vector_baseISt6vectorIiSaIiEESaIS2_EE12_Vector_implC2Ev
FN:92,_ZNSt12_Vector_baseIiSaIiEE12_Vector_implC2ERKS0_
FN:92,_ZNSt12_Vector_baseISt6vectorIiSaIiEESaIS2_EE12_Vector_implC2ERKS3_
FN:115,_ZNSt12_Vector_baseISt6vectorIiSaIiEESaIS2_EE19_M_get_Tp_allocatorEv
FN:115,_ZNSt12_Vector_baseIiSaIiEE19_M_get_Tp_allocatorEv
FN:119,_ZNKSt12_Vector_baseIiSaIiEE19_M_get_Tp_allocatorEv
FN:126,_ZNSt12_Vector_baseISt6vectorIiSaIiEESaIS2_EEC2Ev
FN:129,_ZNSt12_Vector_baseISt6vectorIiSaIiEESaIS2_EEC2ERKS3_
FN:129,_ZNSt12_Vector_baseIiSaIiEEC2ERKS0_
FN:136,_ZNSt12_Vector_baseIiSaIiEEC2EmRKS0_
FN:161,_ZNSt12_Vector_baseISt6vectorIiSaIiEESaIS2_EED2Ev
FN:161,_ZNSt12_Vector_baseIiSaIiEED2Ev
FN:169,_ZNSt12_Vector_baseIiSaIiEE11_M_allocateEm
FN:169,_ZNSt12_Vector_baseISt6vectorIiSaIiEESaIS2_EE11_M_allocateEm
FN:176,_ZNSt12_Vector_baseIiSaIiEE13_M_deallocateEPim
FN:176,_ZNSt12_Vector_baseISt6vectorIiSaIiEESaIS2_EE13_M_deallocateEPS2_m
FN:185,_ZNSt12_Vector_baseIiSaIiEE17_M_create_storageEm
FN:259,_ZNSt6vectorIS_IiSaIiEESaIS1_EEC2Ev
FN:326,_ZNSt6vectorIiSaIiEEC2ERKS1_
FN:383,_ZNSt6vectorIS_IiSaIiEESaIS1_EEC2ESt16initializer_listIS1_ERKS2_
FN:383,_ZNSt6vectorIiSaIiEEC2ESt16initializer_listIiERKS0_
FN:433,_ZNSt6vectorIiSaIiEED2Ev
FN:433,_ZNSt6vectorIS_IiSaIiEESaIS1_EED2Ev
FN:572,_ZNKSt6vectorIS_IiSaIiEESaIS1_EE5beginEv
FN:572,_ZNKSt6vectorIiSaIiEE5beginEv
FN:590,_ZNKSt6vectorIiSaIiEE3endEv
FN:590,_ZNKSt6vectorIS_IiSaIiEESaIS1_EE3endEv
FN:670,_ZNKSt6vectorIS_IiSaIiEESaIS1_EE4sizeEv
FN:670,_ZNKSt6vectorIiSaIiEE4sizeEv
FN:1324,_ZNSt6vectorIS_IiSaIiEESaIS1_EE19_M_range_initializeIPKS1_EEvT_S7_St20forward_iterator_tag
FN:1324,_ZNSt6vectorIiSaIiEE19_M_range_initializeIPKiEEvT_S5_St20forward_iterator_tag
FN:1601,_ZSteqISt6vectorIiSaIiEESaIS2_EEbRKS0_IT_T0_ES8_
FN:1601,_ZSteqIiSaIiEEbRKSt6vectorIT_T0_ES6_
FNDA:0,_ZNSt12_Vector_baseISt6vectorIiSaIiEESaIS2_EE12_Vector_implD2Ev
FNDA:0,_ZNSt12_Vector_baseIiSaIiEE12_Vector_implD2Ev
FNDA:0,_ZNSt12_Vector_baseISt6vectorIiSaIiEESaIS2_EE12_Vector_implC2Ev
FNDA:0,_ZNSt12_Vector_baseISt6vectorIiSaIiEESaIS2_EE12_Vector_implC2ERKS3_
FNDA:0,_ZNSt12_Vector_baseIiSaIiEE12_Vector_implC2ERKS0_
FNDA:0,_ZNSt12_Vector_baseISt6vectorIiSaIiEESaIS2_EE19_M_get_Tp_allocatorEv
FNDA:0,_ZNSt12_Vector_baseIiSaIiEE19_M_get_Tp_allocatorEv
FNDA:0,_ZNKSt12_Vector_baseIiSaIiEE19_M_get_Tp_allocatorEv
FNDA:0,_ZNSt12_Vector_baseISt6vectorIiSaIiEESaIS2_EEC2Ev
FNDA:0,_ZNSt12_Vector_baseISt6vectorIiSaIiEESaIS2_EEC2ERKS3_
FNDA:0,_ZNSt12_Vector_baseIiSaIiEEC2ERKS0_
FNDA:0,_ZNSt12_Vector_baseIiSaIiEEC2EmRKS0_
FNDA:0,_ZNSt12_Vector_baseISt6vectorIiSaIiEESaIS2_EED2Ev
FNDA:0,_ZNSt12_Vector_baseIiSaIiEED2Ev
FNDA:0,_ZNSt12_Vector_baseISt6vectorIiSaIiEESaIS2_EE11_M_allocateEm
FNDA:0,_ZNSt12_Vector_baseIiSaIiEE11_M_allocateEm
FNDA:0,_ZNSt12_Vector_baseISt6vectorIiSaIiEESaIS2_EE13_M_deallocateEPS2_m
FNDA:0,_ZNSt12_Vector_baseIiSaIiEE13_M_deallocateEPim
FNDA:0,_ZNSt12_Vector_baseIiSaIiEE17_M_create_storageEm
FNDA:0,_ZNSt6vectorIS_IiSaIiEESaIS1_EEC2Ev
FNDA:0,_ZNSt6vectorIiSaIiEEC2ERKS1_
FNDA:0,_ZNSt6vectorIS_IiSaIiEESaIS1_EEC2ESt16initializer_listIS1_ERKS2_
FNDA:0,_ZNSt6vectorIiSaIiEEC2ESt16initializer_listIiERKS0_
FNDA:0,_ZNSt6vectorIS_IiSaIiEESaIS1_EED2Ev
FNDA:0,_ZNSt6vectorIiSaIiEED2Ev
FNDA:0,_ZNKSt6vectorIiSaIiEE5beginEv
FNDA:0,_ZNKSt6vectorIS_IiSaIiEESaIS1_EE5beginEv
FNDA:0,_ZNKSt6vectorIiSaIiEE3endEv
FNDA:0,_ZNKSt6vectorIS_IiSaIiEESaIS1_EE3endEv
FNDA:0,_ZNKSt6vectorIiSaIiEE4sizeEv
FNDA:0,_ZNKSt6vectorIS_IiSaIiEESaIS1_EE4sizeEv
FNDA:0,_ZNSt6vectorIS_IiSaIiEESaIS1_EE19_M_range_initializeIPKS1_EEvT_S7_St20forward_iterator_tag
FNDA:0,_ZNSt6vectorIiSaIiEE19_M_range_initializeIPKiEEvT_S5_St20forward_iterator_tag
FNDA:0,_ZSteqIiSaIiEEbRKSt6vectorIT_T0_ES6_
FNDA:0,_ZSteqISt6vectorIiSaIiEESaIS2_EEbRKS0_IT_T0_ES8_
FNF:35
FNH:0
DA:81,0
DA:88,0
DA:89,0
DA:90,0
DA:92,0
DA:93,0
DA:94,0
DA:115,0
DA:116,0
DA:119,0
DA:120,0
DA:126,0
DA:127,0
DA:129,0
DA:130,0
DA:136,0
DA:137,0
DA:138,0
DA:161,0
DA:162,0
DA:163,0
DA:169,0
DA:172,0
DA:176,0
DA:179,0
DA:180,0
DA:181,0
DA:185,0
DA:187,0
DA:188,0
DA:189,0
DA:190,0
DA:259,0
DA:263,0
DA:326,0
DA:328,0
DA:330,0
DA:331,0
DA:333,0
DA:334,0
DA:383,0
DA:385,0
DA:387,0
DA:389,0
DA:433,0
DA:434,0
DA:435,0
DA:572,0
DA:573,0
DA:590,0
DA:591,0
DA:670,0
DA:671,0
DA:1324,0
DA:1327,0
DA:1328,0
DA:1329,0
DA:1330,0
DA:1331,0
DA:1333,0
DA:1334,0
DA:1601,0
DA:1602,0
DA:1603,0
LF:64
LH:0
end_of_record
SF:/usr/include/c++/7/bits/unique_ptr.h
FN:72,_ZNKSt14default_deleteINSt7__cxx1112basic_stringIcSt11char_traitsIcESaIcEEEEclEPS5_
FN:72,_ZNKSt14default_deleteINSt7__cxx1118basic_stringstreamIcSt11char_traitsIcESaIcEEEEclEPS5_
FN:146,_ZNSt15__uniq_ptr_implINSt7__cxx1112basic_stringIcSt11char_traitsIcESaIcEEESt14default_deleteIS5_EE6_M_ptrEv
FN:146,_ZNSt15__uniq_ptr_implINSt7__cxx1118basic_stringstreamIcSt11char_traitsIcESaIcEEESt14default_deleteIS5_EE6_M_ptrEv
FN:147,_ZNKSt15__uniq_ptr_implINSt7__cxx1112basic_stringIcSt11char_traitsIcESaIcEEESt14default_deleteIS5_EE6_M_ptrEv
FN:148,_ZNSt15__uniq_ptr_implINSt7__cxx1118basic_stringstreamIcSt11char_traitsIcESaIcEEESt14default_deleteIS5_EE10_M_deleterEv
FN:148,_ZNSt15__uniq_ptr_implINSt7__cxx1112basic_stringIcSt11char_traitsIcESaIcEEESt14default_deleteIS5_EE10_M_deleterEv
FN:264,_ZNSt10unique_ptrINSt7__cxx1112basic_stringIcSt11char_traitsIcESaIcEEESt14default_deleteIS5_EED2Ev
FN:264,_ZNSt10unique_ptrINSt7__cxx1118basic_stringstreamIcSt11char_traitsIcESaIcEEESt14default_deleteIS5_EED2Ev
FN:328,_ZNKSt10unique_ptrINSt7__cxx1112basic_stringIcSt11char_traitsIcESaIcEEESt14default_deleteIS5_EEptEv
FN:336,_ZNKSt10unique_ptrINSt7__cxx1112basic_stringIcSt11char_traitsIcESaIcEEESt14default_deleteIS5_EE3getEv
FN:341,_ZNSt10unique_ptrINSt7__cxx1118basic_stringstreamIcSt11char_traitsIcESaIcEEESt14default_deleteIS5_EE11get_deleterEv
FN:341,_ZNSt10unique_ptrINSt7__cxx1112basic_stringIcSt11char_traitsIcESaIcEEESt14default_deleteIS5_EE11get_deleterEv
FNDA:0,_ZNKSt14default_deleteINSt7__cxx1112basic_stringIcSt11char_traitsIcESaIcEEEEclEPS5_
FNDA:0,_ZNKSt14default_deleteINSt7__cxx1118basic_stringstreamIcSt11char_traitsIcESaIcEEEEclEPS5_
FNDA:0,_ZNSt15__uniq_ptr_implINSt7__cxx1112basic_stringIcSt11char_traitsIcESaIcEEESt14default_deleteIS5_EE6_M_ptrEv
FNDA:0,_ZNSt15__uniq_ptr_implINSt7__cxx1118basic_stringstreamIcSt11char_traitsIcESaIcEEESt14default_deleteIS5_EE6_M_ptrEv
FNDA:0,_ZNKSt15__uniq_ptr_implINSt7__cxx1112basic_stringIcSt11char_traitsIcESaIcEEESt14default_deleteIS5_EE6_M_ptrEv
FNDA:0,_ZNSt15__uniq_ptr_implINSt7__cxx1112basic_stringIcSt11char_traitsIcESaIcEEESt14default_deleteIS5_EE10_M_deleterEv
FNDA:0,_ZNSt15__uniq_ptr_implINSt7__cxx1118basic_stringstreamIcSt11char_traitsIcESaIcEEESt14default_deleteIS5_EE10_M_deleterEv
FNDA:0,_ZNSt10unique_ptrINSt7__cxx1112basic_stringIcSt11char_traitsIcESaIcEEESt14default_deleteIS5_EED2Ev
FNDA:0,_ZNSt10unique_ptrINSt7__cxx1118basic_stringstreamIcSt11char_traitsIcESaIcEEESt14default_deleteIS5_EED2Ev
FNDA:0,_ZNKSt10unique_ptrINSt7__cxx1112basic_stringIcSt11char_traitsIcESaIcEEESt14default_deleteIS5_EEptEv
[...]
FN:88,_ZNSt12_Vector_baseISt6vectorIiSaIiEESaIS2_EE12_Vector_implC2Ev
FN:88,_ZNSt12_Vector_baseIiSaIiEE12_Vector_implC2Ev
FN:92,_ZNSt12_Vector_baseIiSaIiEE12_Vector_implC2ERKS0_
FN:92,_ZNSt12_Vector_baseISt6vectorIiSaIiEESaIS2_EE12_Vector_implC2ERKS3_
FN:97,_ZNSt12_Vector_baseIiSaIiEE12_Vector_implC2EOS0_
FN:97,_ZNSt12_Vector_baseISt6vectorIiSaIiEESaIS2_EE12_Vector_implC2EOS3_
FN:103,_ZNSt12_Vector_baseISt6vectorIiSaIiEESaIS2_EE12_Vector_impl12_M_swap_dataERS5_
FN:103,_ZNSt12_Vector_baseIiSaIiEE12_Vector_impl12_M_swap_dataERS2_
FN:115,_ZNSt12_Vector_baseISt6vectorIiSaIiEESaIS2_EE19_M_get_Tp_allocatorEv
FN:115,_ZNSt12_Vector_baseISt6vectorIS0_IiSaIiEESaIS2_EESaIS4_EE19_M_get_Tp_allocatorEv
FN:115,_ZNSt12_Vector_baseIiSaIiEE19_M_get_Tp_allocatorEv
FN:119,_ZNKSt12_Vector_baseISt6vectorIS0_IiSaIiEESaIS2_EESaIS4_EE19_M_get_Tp_allocatorEv
FN:119,_ZNKSt12_Vector_baseIiSaIiEE19_M_get_Tp_allocatorEv
FN:119,_ZNKSt12_Vector_baseISt6vectorIiSaIiEESaIS2_EE19_M_get_Tp_allocatorEv
FN:126,_ZNSt12_Vector_baseIiSaIiEEC2Ev
FN:126,_ZNSt12_Vector_baseISt6vectorIiSaIiEESaIS2_EEC2Ev
FN:126,_ZNSt12_Vector_baseISt6vectorIS0_IiSaIiEESaIS2_EESaIS4_EEC2Ev
FN:129,_ZNSt12_Vector_baseIiSaIiEEC2ERKS0_
FN:136,_ZNSt12_Vector_baseISt6vectorIiSaIiEESaIS2_EEC2EmRKS3_
FN:136,_ZNSt12_Vector_baseIiSaIiEEC2EmRKS0_
FN:144,_ZNSt12_Vector_baseIiSaIiEEC2EOS1_
FN:144,_ZNSt12_Vector_baseISt6vectorIiSaIiEESaIS2_EEC2EOS4_
FN:161,_ZNSt12_Vector_baseISt6vectorIiSaIiEESaIS2_EED2Ev
FN:161,_ZNSt12_Vector_baseIiSaIiEED2Ev
FN:161,_ZNSt12_Vector_baseISt6vectorIS0_IiSaIiEESaIS2_EESaIS4_EED2Ev
FN:169,_ZNSt12_Vector_baseISt6vectorIS0_IiSaIiEESaIS2_EESaIS4_EE11_M_allocateEm
FN:169,_ZNSt12_Vector_baseIiSaIiEE11_M_allocateEm
FN:169,_ZNSt12_Vector_baseISt6vectorIiSaIiEESaIS2_EE11_M_allocateEm
FN:176,_ZNSt12_Vector_baseIiSaIiEE13_M_deallocateEPim
FN:176,_ZNSt12_Vector_baseISt6vectorIiSaIiEESaIS2_EE13_M_deallocateEPS2_m
FN:176,_ZNSt12_Vector_baseISt6vectorIS0_IiSaIiEESaIS2_EESaIS4_EE13_M_deallocateEPS4_m
FN:185,_ZNSt12_Vector_baseIiSaIiEE17_M_create_storageEm
FN:185,_ZNSt12_Vector_baseISt6vectorIiSaIiEESaIS2_EE17_M_create_storageEm
FN:259,_ZNSt6vectorIS_IS_IiSaIiEESaIS1_EESaIS3_EEC2Ev
FN:259,_ZNSt6vectorIiSaIiEEC2Ev
FN:259,_ZNSt6vectorIS_IiSaIiEESaIS1_EEC2Ev
FN:283,_ZNSt6vectorIS_IiSaIiEESaIS1_EEC2EmRKS2_
FN:283,_ZNSt6vectorIiSaIiEEC2EmRKS0_
FN:295,_ZNSt6vectorIS_IiSaIiEESaIS1_EEC2EmRKS1_RKS2_
FN:295,_ZNSt6vectorIiSaIiEEC2EmRKiRKS0_
FN:326,_ZNSt6vectorIS_IiSaIiEESaIS1_EEC2ERKS3_
FN:326,_ZNSt6vectorIiSaIiEEC2ERKS1_
FN:344,_ZNSt6vectorIiSaIiEEC2EOS1_
FN:344,_ZNSt6vectorIS_IiSaIiEESaIS1_EEC2EOS3_
FN:383,_ZNSt6vectorIiSaIiEEC2ESt16initializer_listIiERKS0_
FN:433,_ZNSt6vectorIiSaIiEED2Ev
FN:433,_ZNSt6vectorIS_IS_IiSaIiEESaIS1_EESaIS3_EED2Ev
FN:433,_ZNSt6vectorIS_IiSaIiEESaIS1_EED2Ev
FN:563,_ZNSt6vectorIS_IiSaIiEESaIS1_EE5beginEv
FN:563,_ZNSt6vectorIS_IS_IiSaIiEESaIS1_EESaIS3_EE5beginEv
FN:563,_ZNSt6vectorIiSaIiEE5beginEv
FN:572,_ZNKSt6vectorIiSaIiEE5beginEv
FN:572,_ZNKSt6vectorIS_IiSaIiEESaIS1_EE5beginEv
FN:581,_ZNSt6vectorIS_IiSaIiEESaIS1_EE3endEv
FN:581,_ZNSt6vectorIS_IS_IiSaIiEESaIS1_EESaIS3_EE3endEv
FN:581,_ZNSt6vectorIiSaIiEE3endEv
FN:590,_ZNKSt6vectorIS_IiSaIiEESaIS1_EE3endEv
FN:590,_ZNKSt6vectorIiSaIiEE3endEv
FN:670,_ZNKSt6vectorIS_IiSaIiEESaIS1_EE4sizeEv
FN:670,_ZNKSt6vectorIiSaIiEE4sizeEv
FN:670,_ZNKSt6vectorIS_IS_IiSaIiEESaIS1_EESaIS3_EE4sizeEv
FN:675,_ZNKSt6vectorIS_IS_IiSaIiEESaIS1_EESaIS3_EE8max_sizeEv
FN:675,_ZNKSt6vectorIS_IiSaIiEESaIS1_EE8max_sizeEv
FN:750,_ZNKSt6vectorIiSaIiEE8capacityEv
FN:750,_ZNKSt6vectorIS_IiSaIiEESaIS1_EE8capacityEv
FN:795,_ZNSt6vectorIS_IiSaIiEESaIS1_EEixEm
FN:795,_ZNSt6vectorIS_IS_IiSaIiEESaIS1_EESaIS3_EEixEm
FN:795,_ZNSt6vectorIiSaIiEEixEm
FN:813,_ZNKSt6vectorIS_IS_IiSaIiEESaIS1_EESaIS3_EEixEm
FN:813,_ZNKSt6vectorIS_IiSaIiEESaIS1_EEixEm
FN:813,_ZNKSt6vectorIiSaIiEEixEm
FN:939,_ZNSt6vectorIS_IiSaIiEESaIS1_EE9push_backERKS1_
FN:953,_ZNSt6vectorIS_IiSaIiEESaIS1_EE9push_backEOS1_
FN:953,_ZNSt6vectorIS_IS_IiSaIiEESaIS1_EESaIS3_EE9push_backEOS3_
FN:1247,_ZNSt6vectorIS_IiSaIiEESaIS1_EE5clearEv
FN:1247,_ZNSt6vectorIiSaIiEE5clearEv
FN:1257,_ZNSt6vectorIiSaIiEE20_M_allocate_and_copyIN9__gnu_cxx17__normal_iteratorIPKiS1_EEEEPimT_S9_
FN:1257,_ZNSt6vectorIS_IiSaIiEESaIS1_EE20_M_allocate_and_copyIN9__gnu_cxx17__normal_iteratorIPKS1_S3_EEEEPS1_mT_SB_
FN:1324,_ZNSt6vectorIiSaIiEE19_M_range_initializeIPKiEEvT_S5_St20forward_iterator_tag
FN:1339,_ZNSt6vectorIiSaIiEE18_M_fill_initializeEmRKi
FN:1339,_ZNSt6vectorIS_IiSaIiEESaIS1_EE18_M_fill_initializeEmRKS1_
FN:1349,_ZNSt6vectorIS_IiSaIiEESaIS1_EE21_M_default_initializeEm
FN:1349,_ZNSt6vectorIiSaIiEE21_M_default_initializeEm
FN:1502,_ZNKSt6vectorIS_IS_IiSaIiEESaIS1_EESaIS3_EE12_M_check_lenEmPKc
FN:1502,_ZNKSt6vectorIS_IiSaIiEESaIS1_EE12_M_check_lenEmPKc
FN:1516,_ZNSt6vectorIS_IiSaIiEESaIS1_EE15_M_erase_at_endEPS1_
FN:1516,_ZNSt6vectorIiSaIiEE15_M_erase_at_endEPi
FN:1601,_ZSteqISt6vectorIiSaIiEESaIS2_EEbRKS0_IT_T0_ES8_
FN:1601,_ZSteqIiSaIiEEbRKSt6vectorIT_T0_ES6_
FN:1625,_ZStneISt6vectorIiSaIiEESaIS2_EEbRKS0_IT_T0_ES8_
FNDA:145,_ZNSt12_Vector_baseISt6vectorIS0_IiSaIiEESaIS2_EESaIS4_EE12_Vector_implD2Ev
FNDA:0,_ZNSt12_Vector_baseISt6vectorIiSaIiEESaIS2_EE12_Vector_implD2Ev
FNDA:0,_ZNSt12_Vector_baseIiSaIiEE12_Vector_implD2Ev
FNDA:1763,_ZNSt12_Vector_baseIiSaIiEE12_Vector_implC2Ev
FNDA:139,_ZNSt12_Vector_baseISt6vectorIS0_IiSaIiEESaIS2_EESaIS4_EE12_Vector_implC2Ev
FNDA:0,_ZNSt12_Vector_baseISt6vectorIiSaIiEESaIS2_EE12_Vector_implC2Ev
FNDA:0,_ZNSt12_Vector_baseISt6vectorIiSaIiEESaIS2_EE12_Vector_implC2ERKS3_
FNDA:5602975,_ZNSt12_Vector_baseIiSaIiEE12_Vector_implC2ERKS0_
FNDA:27693,_ZNSt12_Vector_baseIiSaIiEE12_Vector_implC2EOS0_
FNDA:907,_ZNSt12_Vector_baseISt6vectorIiSaIiEESaIS2_EE12_Vector_implC2EOS3_
FNDA:27853,_ZNSt12_Vector_baseIiSaIiEE12_Vector_impl12_M_swap_dataERS2_
FNDA:0,_ZNSt12_Vector_baseISt6vectorIiSaIiEESaIS2_EE12_Vector_impl12_M_swap_dataERS5_
FNDA:1300,_ZNSt12_Vector_baseISt6vectorIS0_IiSaIiEESaIS2_EESaIS4_EE19_M_get_Tp_allocatorEv
FNDA:0,_ZNSt12_Vector_baseISt6vectorIiSaIiEESaIS2_EE19_M_get_Tp_allocatorEv
FNDA:0,_ZNSt12_Vector_baseIiSaIiEE19_M_get_Tp_allocatorEv
FNDA:766,_ZNKSt12_Vector_baseISt6vectorIS0_IiSaIiEESaIS2_EESaIS4_EE19_M_get_Tp_allocatorEv
FNDA:0,_ZNKSt12_Vector_baseISt6vectorIiSaIiEESaIS2_EE19_M_get_Tp_allocatorEv
FNDA:5556494,_ZNKSt12_Vector_baseIiSaIiEE19_M_get_Tp_allocatorEv
FNDA:1763,_ZNSt12_Vector_baseIiSaIiEEC2Ev
FNDA:139,_ZNSt12_Vector_baseISt6vectorIS0_IiSaIiEESaIS2_EESaIS4_EEC2Ev
FNDA:0,_ZNSt12_Vector_baseISt6vectorIiSaIiEESaIS2_EEC2Ev
FNDA:773,_ZNSt12_Vector_baseIiSaIiEEC2ERKS0_
FNDA:1279933,_ZNSt12_Vector_baseISt6vectorIiSaIiEESaIS2_EEC2EmRKS3_
FNDA:5602202,_ZNSt12_Vector_baseIiSaIiEEC2EmRKS0_
FNDA:27693,_ZNSt12_Vector_baseIiSaIiEEC2EOS1_
FNDA:907,_ZNSt12_Vector_baseISt6vectorIiSaIiEESaIS2_EEC2EOS4_
FNDA:145,_ZNSt12_Vector_baseISt6vectorIS0_IiSaIiEESaIS2_EESaIS4_EED2Ev
FNDA:0,_ZNSt12_Vector_baseISt6vectorIiSaIiEESaIS2_EED2Ev
FNDA:0,_ZNSt12_Vector_baseIiSaIiEED2Ev
FNDA:389,_ZNSt12_Vector_baseISt6vectorIS0_IiSaIiEESaIS2_EESaIS4_EE11_M_allocateEm
FNDA:5604702,_ZNSt12_Vector_baseIiSaIiEE11_M_allocateEm
FNDA:1306881,_ZNSt12_Vector_baseISt6vectorIiSaIiEESaIS2_EE11_M_allocateEm
FNDA:528,_ZNSt12_Vector_baseISt6vectorIS0_IiSaIiEESaIS2_EESaIS4_EE13_M_deallocateEPS4_m
FNDA:0,_ZNSt12_Vector_baseIiSaIiEE13_M_deallocateEPim
FNDA:0,_ZNSt12_Vector_baseISt6vectorIiSaIiEESaIS2_EE13_M_deallocateEPS2_m
FNDA:1279933,_ZNSt12_Vector_baseISt6vectorIiSaIiEESaIS2_EE17_M_create_storageEm
FNDA:5602202,_ZNSt12_Vector_baseIiSaIiEE17_M_create_storageEm
FNDA:1763,_ZNSt6vectorIiSaIiEEC2Ev
FNDA:139,_ZNSt6vectorIS_IS_IiSaIiEESaIS1_EESaIS3_EEC2Ev
FNDA:0,_ZNSt6vectorIS_IiSaIiEESaIS1_EEC2Ev
FNDA:45916,_ZNSt6vectorIiSaIiEEC2EmRKS0_
FNDA:5147,_ZNSt6vectorIS_IiSaIiEESaIS1_EEC2EmRKS2_
FNDA:4,_ZNSt6vectorIS_IiSaIiEESaIS1_EEC2EmRKS1_RKS2_
FNDA:4,_ZNSt6vectorIiSaIiEEC2EmRKiRKS0_
FNDA:1274782,_ZNSt6vectorIS_IiSaIiEESaIS1_EEC2ERKS3_
FNDA:5556282,_ZNSt6vectorIiSaIiEEC2ERKS1_
FNDA:27693,_ZNSt6vectorIiSaIiEEC2EOS1_
FNDA:907,_ZNSt6vectorIS_IiSaIiEESaIS1_EEC2EOS3_
FNDA:693,_ZNSt6vectorIiSaIiEEC2ESt16initializer_listIiERKS0_
FNDA:145,_ZNSt6vectorIS_IS_IiSaIiEESaIS1_EESaIS3_EED2Ev
FNDA:0,_ZNSt6vectorIS_IiSaIiEESaIS1_EED2Ev
FNDA:0,_ZNSt6vectorIiSaIiEED2Ev
FNDA:383,_ZNSt6vectorIS_IS_IiSaIiEESaIS1_EESaIS3_EE5beginEv
FNDA:87777,_ZNSt6vectorIiSaIiEE5beginEv
FNDA:71162,_ZNSt6vectorIS_IiSaIiEESaIS1_EE5beginEv
FNDA:1586410,_ZNKSt6vectorIS_IiSaIiEESaIS1_EE5beginEv
FNDA:0,_ZNKSt6vectorIiSaIiEE5beginEv
FNDA:383,_ZNSt6vectorIS_IS_IiSaIiEESaIS1_EESaIS3_EE3endEv
FNDA:87777,_ZNSt6vectorIiSaIiEE3endEv
FNDA:71162,_ZNSt6vectorIS_IiSaIiEESaIS1_EE3endEv
FNDA:1456552,_ZNKSt6vectorIS_IiSaIiEESaIS1_EE3endEv
FNDA:0,_ZNKSt6vectorIiSaIiEE3endEv
FNDA:3148,_ZNKSt6vectorIS_IS_IiSaIiEESaIS1_EESaIS3_EE4sizeEv
FNDA:0,_ZNKSt6vectorIiSaIiEE4sizeEv
FNDA:2578828,_ZNKSt6vectorIS_IiSaIiEESaIS1_EE4sizeEv
FNDA:766,_ZNKSt6vectorIS_IS_IiSaIiEESaIS1_EESaIS3_EE8max_sizeEv
FNDA:46058,_ZNKSt6vectorIS_IiSaIiEESaIS1_EE8max_sizeEv
FNDA:89452,_ZNKSt6vectorIiSaIiEE8capacityEv
FNDA:51912,_ZNKSt6vectorIS_IiSaIiEESaIS1_EE8capacityEv
FNDA:40,_ZNSt6vectorIS_IS_IiSaIiEESaIS1_EESaIS3_EEixEm
FNDA:2372075,_ZNSt6vectorIS_IiSaIiEESaIS1_EEixEm
FNDA:3357058,_ZNSt6vectorIiSaIiEEixEm
FNDA:892,_ZNKSt6vectorIS_IS_IiSaIiEESaIS1_EESaIS3_EEixEm
FNDA:17511,_ZNKSt6vectorIiSaIiEEixEm
FNDA:64243,_ZNKSt6vectorIS_IiSaIiEESaIS1_EEixEm
FNDA:29626,_ZNSt6vectorIS_IiSaIiEESaIS1_EE9push_backERKS1_
FNDA:44,_ZNSt6vectorIS_IiSaIiEESaIS1_EE9push_backEOS1_
FNDA:468,_ZNSt6vectorIS_IS_IiSaIiEESaIS1_EESaIS3_EE9push_backEOS3_
FNDA:0,_ZNSt6vectorIiSaIiEE5clearEv
FNDA:0,_ZNSt6vectorIS_IiSaIiEESaIS1_EE5clearEv
FNDA:1741,_ZNSt6vectorIiSaIiEE20_M_allocate_and_copyIN9__gnu_cxx17__normal_iteratorIPKiS1_EEEEPimT_S9_
FNDA:3787,_ZNSt6vectorIS_IiSaIiEESaIS1_EE20_M_allocate_and_copyIN9__gnu_cxx17__normal_iteratorIPKS1_S3_EEEEPS1_mT_SB_
FNDA:693,_ZNSt6vectorIiSaIiEE19_M_range_initializeIPKiEEvT_S5_St20forward_iterator_tag
FNDA:4,_ZNSt6vectorIS_IiSaIiEESaIS1_EE18_M_fill_initializeEmRKS1_
FNDA:4,_ZNSt6vectorIiSaIiEE18_M_fill_initializeEmRKi
FNDA:45916,_ZNSt6vectorIiSaIiEE21_M_default_initializeEm
FNDA:5147,_ZNSt6vectorIS_IiSaIiEESaIS1_EE21_M_default_initializeEm
FNDA:383,_ZNKSt6vectorIS_IS_IiSaIiEESaIS1_EESaIS3_EE12_M_check_lenEmPKc
FNDA:23029,_ZNKSt6vectorIS_IiSaIiEESaIS1_EE12_M_check_lenEmPKc
FNDA:0,_ZNSt6vectorIiSaIiEE15_M_erase_at_endEPi
FNDA:0,_ZNSt6vectorIS_IiSaIiEESaIS1_EE15_M_erase_at_endEPS1_
FNDA:133741,_ZSteqISt6vectorIiSaIiEESaIS2_EEbRKS0_IT_T0_ES8_
FNDA:0,_ZSteqIiSaIiEEbRKSt6vectorIT_T0_ES6_
FNDA:4,_ZStneISt6vectorIiSaIiEESaIS2_EEbRKS0_IT_T0_ES8_
FNF:94
FNH:70
DA:81,145
DA:88,1902
DA:89,1902
DA:90,1902
DA:92,5602975
DA:93,5602975
DA:94,5602975
DA:97,28600
DA:98,28600
DA:99,28600
DA:100,28600
DA:103,27853
DA:105,27853
DA:106,27853
DA:107,27853
DA:108,27853
DA:115,1300
DA:116,1300
DA:119,5557260
DA:120,5557260
DA:126,1902
DA:127,1902
DA:129,773
DA:130,773
DA:136,6882135
DA:137,6882135
DA:138,6882135
DA:144,28600
DA:145,28600
DA:146,28600
DA:161,145
DA:162,290
DA:163,290
DA:169,6911972
DA:172,6911972
DA:176,528
DA:179,528
DA:180,389
DA:181,528
DA:185,6882135
DA:187,6882135
DA:188,6882135
DA:189,6882135
DA:190,6882135
DA:259,1902
DA:263,1902
DA:283,51063
DA:284,51063
DA:285,51063
DA:295,8
DA:297,8
DA:298,8
DA:326,6831064
DA:328,6831064
DA:330,6831064
DA:331,6831064
DA:333,6831064
DA:334,6831064
DA:344,28600
DA:345,28600
DA:383,693
DA:385,693
DA:387,693
DA:389,693
DA:433,145
DA:434,145
DA:435,290
DA:563,159322
DA:564,159322
DA:572,1586410
DA:573,1586410
DA:581,159322
DA:582,159322
DA:590,1456552
DA:591,1456552
DA:670,2581976
DA:671,2581976
DA:675,46824
DA:676,46824
DA:750,141364
DA:751,141364
DA:752,141364
DA:795,5729173
DA:798,5729173
DA:813,82646
DA:816,82646
DA:939,29626
DA:941,29626
DA:943,6616
DA:945,6616
DA:948,23010
DA:949,29626
DA:953,512
DA:954,512
DA:1247,0
DA:1248,0
DA:1257,5528
DA:1260,5528
DA:1263,5528
DA:1264,5528
DA:1265,5528
DA:1267,0
DA:1269,0
DA:1270,0
DA:1324,693
DA:1327,693
DA:1328,693
DA:1329,693
DA:1330,693
DA:1331,693
DA:1333,693
DA:1334,693
DA:1339,8
DA:1341,8
DA:1342,8
DA:1343,8
DA:1344,8
DA:1349,51063
DA:1351,51063
DA:1352,51063
DA:1353,51063
DA:1354,51063
DA:1502,23412
DA:1504,23412
DA:1505,0
DA:1507,23412
DA:1508,23412
DA:1516,0
DA:1518,0
DA:1519,0
DA:1520,0
DA:1601,133741
DA:1602,133741
DA:1603,133741
DA:1625,4
DA:1626,4
LF:136
LH:126
end_of_record
SF:/usr/include/c++/7/bits/vector.tcc
FN:95,_ZNSt6vectorIS_IiSaIiEESaIS1_EE12emplace_backIJS1_EEEvDpOT_
FN:95,_ZNSt6vectorIS_IS_IiSaIiEESaIS1_EESaIS3_EE12emplace_backIJS3_EEEvDpOT_
FN:179,_ZNSt6vectorIS_IiSaIiEESaIS1_EEaSERKS3_
FN:179,_ZNSt6vectorIiSaIiEEaSERKS1_
FN:394,_ZNSt6vectorIS_IiSaIiEESaIS1_EE17_M_realloc_insertIJRKS1_EEEvN9__gnu_cxx17__normal_iteratorIPS1_S3_EEDpOT_
FN:394,_ZNSt6vectorIS_IS_IiSaIiEESaIS1_EESaIS3_EE17_M_realloc_insertIJS3_EEEvN9__gnu_cxx17__normal_iteratorIPS3_S5_EEDpOT_
FN:394,_ZNSt6vectorIS_IiSaIiEESaIS1_EE17_M_realloc_insertIJS1_EEEvN9__gnu_cxx17__normal_iteratorIPS1_S3_EEDpOT_
FNDA:44,_ZNSt6vectorIS_IiSaIiEESaIS1_EE12emplace_backIJS1_EEEvDpOT_
FNDA:468,_ZNSt6vectorIS_IS_IiSaIiEESaIS1_EESaIS3_EE12emplace_backIJS3_EEEvDpOT_
FNDA:89452,_ZNSt6vectorIiSaIiEEaSERKS1_
FNDA:51912,_ZNSt6vectorIS_IiSaIiEESaIS1_EEaSERKS3_
FNDA:19,_ZNSt6vectorIS_IiSaIiEESaIS1_EE17_M_realloc_insertIJS1_EEEvN9__gnu_cxx17__normal_iteratorIPS1_S3_EEDpOT_
FNDA:383,_ZNSt6vectorIS_IS_IiSaIiEESaIS1_EESaIS3_EE17_M_realloc_insertIJS3_EEEvN9__gnu_cxx17__normal_iteratorIPS3_S5_EEDpOT_
FNDA:23010,_ZNSt6vectorIS_IiSaIiEESaIS1_EE17_M_realloc_insertIJRKS1_EEEvN9__gnu_cxx17__normal_iteratorIPS1_S3_EEDpOT_
FNF:7
FNH:7
DA:95,512
DA:98,512
DA:100,110
DA:102,110
DA:105,402
DA:109,512
DA:179,141364
DA:182,141364
DA:185,141364
DA:187,0
DA:188,0
DA:191,0
DA:192,0
DA:193,0
DA:194,0
DA:195,0
DA:196,0
DA:197,0
DA:199,0
DA:203,141364
DA:204,141364
DA:206,5528
DA:208,5528
DA:209,5528
DA:210,11056
DA:211,5528
DA:212,5528
DA:213,5528
DA:214,5528
DA:216,135836
DA:218,135836
DA:219,135836
DA:223,0
DA:225,0
DA:226,0
DA:228,0
DA:230,141364
DA:232,141364
DA:394,23412
DA:403,23412
DA:405,23412
DA:406,23412
DA:407,23412
DA:415,46824
DA:416,23412
DA:422,23412
DA:424,23412
DA:426,23412
DA:427,23412
DA:429,23412
DA:431,23412
DA:433,23412
DA:434,23412
DA:436,0
DA:438,0
DA:439,0
DA:440,0
DA:442,0
DA:443,0
DA:444,0
DA:446,23412
DA:447,23412
DA:448,46824
DA:449,23412
DA:450,23412
DA:451,23412
DA:452,23412
DA:453,23412
DA:454,23412
LF:69
LH:48
end_of_record
SF:/usr/include/c++/7/ext/alloc_traits.h
FN:94,_ZN9__gnu_cxx14__alloc_traitsISaISt6vectorIiSaIiEEEE17_S_select_on_copyERKS4_
FN:94,_ZN9__gnu_cxx14__alloc_traitsISaIiEE17_S_select_on_copyERKS1_
FN:100,_ZN9__gnu_cxx14__alloc_traitsISaISt6vectorIiSaIiEEEE27_S_propagate_on_copy_assignEv
FN:100,_ZN9__gnu_cxx14__alloc_traitsISaIiEE27_S_propagate_on_copy_assignEv
FN:109,_ZN9__gnu_cxx14__alloc_traitsISaISt6vectorIiSaIiEEEE15_S_always_equalEv
FN:109,_ZN9__gnu_cxx14__alloc_traitsISaIiEE15_S_always_equalEv
FNDA:1274782,_ZN9__gnu_cxx14__alloc_traitsISaISt6vectorIiSaIiEEEE17_S_select_on_copyERKS4_
FNDA:5556282,_ZN9__gnu_cxx14__alloc_traitsISaIiEE17_S_select_on_copyERKS1_
FNDA:89452,_ZN9__gnu_cxx14__alloc_traitsISaIiEE27_S_propagate_on_copy_assignEv
FNDA:51912,_ZN9__gnu_cxx14__alloc_traitsISaISt6vectorIiSaIiEEEE27_S_propagate_on_copy_assignEv
FNDA:0,_ZN9__gnu_cxx14__alloc_traitsISaIiEE15_S_always_equalEv
FNDA:0,_ZN9__gnu_cxx14__alloc_traitsISaISt6vectorIiSaIiEEEE15_S_always_equalEv
FNF:6
FNH:4
DA:94,6831064
DA:95,6831064
DA:100,141364
DA:101,141364
DA:109,0
DA:110,0
LF:6
LH:4
end_of_record
SF:/usr/include/c++/7/ext/new_allocator.h
FN:79,_ZN9__gnu_cxx13new_allocatorIiEC2Ev
FN:79,_ZN9__gnu_cxx13new_allocatorISt6vectorIS1_IiSaIiEESaIS3_EEEC2Ev
FN:79,_ZN9__gnu_cxx13new_allocatorISt6vectorIiSaIiEEEC2Ev
FN:81,_ZN9__gnu_cxx13new_allocatorISt6vectorIiSaIiEEEC2ERKS4_
FN:81,_ZN9__gnu_cxx13new_allocatorIiEC2ERKS1_
FN:86,_ZN9__gnu_cxx13new_allocatorIiED2Ev
FN:86,_ZN9__gnu_cxx13new_allocatorISt6vectorIS1_IiSaIiEESaIS3_EEED2Ev
FN:86,_ZN9__gnu_cxx13new_allocatorISt6vectorIiSaIiEEED2Ev
FN:99,_ZN9__gnu_cxx13new_allocatorISt6vectorIiSaIiEEE8allocateEmPKv
FN:99,_ZN9__gnu_cxx13new_allocatorIiE8allocateEmPKv
FN:99,_ZN9__gnu_cxx13new_allocatorISt6vectorIS1_IiSaIiEESaIS3_EEE8allocateEmPKv
FN:116,_ZN9__gnu_cxx13new_allocatorISt6vectorIS1_IiSaIiEESaIS3_EEE10deallocateEPS5_m
FN:116,_ZN9__gnu_cxx13new_allocatorISt6vectorIiSaIiEEE10deallocateEPS3_m
FN:116,_ZN9__gnu_cxx13new_allocatorIiE10deallocateEPim
FN:129,_ZNK9__gnu_cxx13new_allocatorIiE8max_sizeEv
FN:129,_ZNK9__gnu_cxx13new_allocatorISt6vectorIiSaIiEEE8max_sizeEv
FN:129,_ZNK9__gnu_cxx13new_allocatorISt6vectorIS1_IiSaIiEESaIS3_EEE8max_sizeEv
FN:135,_ZN9__gnu_cxx13new_allocatorISt6vectorIS1_IiSaIiEESaIS3_EEE9constructIS5_JS5_EEEvPT_DpOT0_
FN:135,_ZN9__gnu_cxx13new_allocatorISt6vectorIiSaIiEEE9constructIS3_JS3_EEEvPT_DpOT0_
FN:135,_ZN9__gnu_cxx13new_allocatorISt6vectorIiSaIiEEE9constructIS3_JRKS3_EEEvPT_DpOT0_
FN:140,_ZN9__gnu_cxx13new_allocatorISt6vectorIS1_IiSaIiEESaIS3_EEE7destroyIS5_EEvPT_
FN:140,_ZN9__gnu_cxx13new_allocatorISt6vectorIiSaIiEEE7destroyIS3_EEvPT_
FNDA:145,_ZN9__gnu_cxx13new_allocatorISt6vectorIS1_IiSaIiEESaIS3_EEEC2Ev
FNDA:48376,_ZN9__gnu_cxx13new_allocatorIiEC2Ev
FNDA:0,_ZN9__gnu_cxx13new_allocatorISt6vectorIiSaIiEEEC2Ev
FNDA:0,_ZN9__gnu_cxx13new_allocatorISt6vectorIiSaIiEEEC2ERKS4_
FNDA:11187030,_ZN9__gnu_cxx13new_allocatorIiEC2ERKS1_
FNDA:151,_ZN9__gnu_cxx13new_allocatorISt6vectorIS1_IiSaIiEESaIS3_EEED2Ev
FNDA:0,_ZN9__gnu_cxx13new_allocatorIiED2Ev
FNDA:0,_ZN9__gnu_cxx13new_allocatorISt6vectorIiSaIiEEED2Ev
FNDA:389,_ZN9__gnu_cxx13new_allocatorISt6vectorIS1_IiSaIiEESaIS3_EEE8allocateEmPKv
FNDA:5604701,_ZN9__gnu_cxx13new_allocatorIiE8allocateEmPKv
FNDA:1301732,_ZN9__gnu_cxx13new_allocatorISt6vectorIiSaIiEEE8allocateEmPKv
FNDA:389,_ZN9__gnu_cxx13new_allocatorISt6vectorIS1_IiSaIiEESaIS3_EEE10deallocateEPS5_m
FNDA:0,_ZN9__gnu_cxx13new_allocatorIiE10deallocateEPim
FNDA:0,_ZN9__gnu_cxx13new_allocatorISt6vectorIiSaIiEEE10deallocateEPS3_m
FNDA:1155,_ZNK9__gnu_cxx13new_allocatorISt6vectorIS1_IiSaIiEESaIS3_EEE8max_sizeEv
FNDA:5604833,_ZNK9__gnu_cxx13new_allocatorIiE8max_sizeEv
FNDA:1347790,_ZNK9__gnu_cxx13new_allocatorISt6vectorIiSaIiEEE8max_sizeEv
FNDA:44,_ZN9__gnu_cxx13new_allocatorISt6vectorIiSaIiEEE9constructIS3_JS3_EEEvPT_DpOT0_
FNDA:468,_ZN9__gnu_cxx13new_allocatorISt6vectorIS1_IiSaIiEESaIS3_EEE9constructIS5_JS5_EEEvPT_DpOT0_
FNDA:29626,_ZN9__gnu_cxx13new_allocatorISt6vectorIiSaIiEEE9constructIS3_JRKS3_EEEvPT_DpOT0_
FNDA:0,_ZN9__gnu_cxx13new_allocatorISt6vectorIS1_IiSaIiEESaIS3_EEE7destroyIS5_EEvPT_
FNDA:0,_ZN9__gnu_cxx13new_allocatorISt6vectorIiSaIiEEE7destroyIS3_EEvPT_
FNF:22
FNH:14
DA:79,48521
DA:81,11187030
DA:86,151
DA:99,6906822
DA:101,6906822
DA:102,0
DA:111,6906822
DA:116,389
DA:125,389
DA:126,389
DA:129,6953778
DA:130,6953778
DA:135,30138
DA:136,30138
DA:140,0
LF:15
LH:13
end_of_record
SF:/usr/include/c++/7/initializer_list
FN:71,_ZNKSt16initializer_listIiE4sizeEv
FN:75,_ZNKSt16initializer_listIiE5beginEv
FN:79,_ZNKSt16initializer_listIiE3endEv
FNDA:693,_ZNKSt16initializer_listIiE4sizeEv
FNDA:1386,_ZNKSt16initializer_listIiE5beginEv
FNDA:693,_ZNKSt16initializer_listIiE3endEv
FNF:3
FNH:3
DA:71,693
DA:75,1386
DA:79,693
LF:3
LH:3
end_of_record
SF:/usr/include/c++/7/iostream
DA:74,1
LF:1
LH:1
end_of_record
SF:/usr/include/c++/7/new
FN:168,_ZnwmPv
FN:174,_ZdlPvS_
FNDA:4310101,_ZnwmPv
FNDA:0,_ZdlPvS_
FNF:2
FNH:1
DA:168,4310101
DA:169,4310101
DA:174,0
LF:3
LH:2
end_of_record
TN:
SF:/home/fyulita/Desktop/tpi/algo1-TPI/lib/googletest-master/googletest/include/gtest/gtest.h
FN:2471,_Z13RUN_ALL_TESTSv
FNDA:12,_Z13RUN_ALL_TESTSv
FNF:1
FNH:1
DA:2471,12
DA:2472,12
LF:2
LH:2
end_of_record
SF:/home/fyulita/Desktop/tpi/algo1-TPI/main.cpp
FN:4,main
FN:8,_GLOBAL__sub_I_main
FN:8,_Z41__static_initialization_and_destruction_0ii
FNDA:12,main
FNDA:12,_GLOBAL__sub_I_main
FNDA:12,_Z41__static_initialization_and_destruction_0ii
FNF:3
FNH:3
DA:4,12
DA:5,12
DA:6,12
DA:7,12
DA:8,36
LF:5
LH:5
end_of_record
SF:/usr/include/c++/7/iostream
DA:74,12
LF:1
LH:1
end_of_record
